TN:
SF:app/layout.tsx
FN:15,RootLayout
FNF:1
FNH:0
FNDA:0,RootLayout
DA:3,0
DA:4,0
DA:5,0
DA:7,0
DA:9,0
DA:15,0
LF:6
LH:0
BRF:0
BRH:0
end_of_record
TN:
SF:app/page.tsx
FN:53,LandingPage
FN:77,(anonymous_3)
FN:84,(anonymous_4)
FN:93,(anonymous_5)
FN:103,(anonymous_6)
FN:104,(anonymous_7)
FN:164,(anonymous_8)
FN:176,(anonymous_9)
FN:189,(anonymous_10)
FN:194,(anonymous_11)
FN:206,(anonymous_12)
FN:211,(anonymous_13)
FN:223,(anonymous_14)
FN:400,(anonymous_15)
FN:581,(anonymous_16)
FN:634,(anonymous_17)
FN:706,(anonymous_18)
FN:709,(anonymous_19)
FN:756,(anonymous_20)
FN:766,(anonymous_21)
FN:776,(anonymous_22)
FN:785,(anonymous_23)
FN:952,(anonymous_24)
FN:987,(anonymous_25)
FN:1000,(anonymous_26)
FN:1013,(anonymous_27)
FN:1032,(anonymous_28)
FNF:27
FNH:0
FNDA:0,LandingPage
FNDA:0,(anonymous_3)
FNDA:0,(anonymous_4)
FNDA:0,(anonymous_5)
FNDA:0,(anonymous_6)
FNDA:0,(anonymous_7)
FNDA:0,(anonymous_8)
FNDA:0,(anonymous_9)
FNDA:0,(anonymous_10)
FNDA:0,(anonymous_11)
FNDA:0,(anonymous_12)
FNDA:0,(anonymous_13)
FNDA:0,(anonymous_14)
FNDA:0,(anonymous_15)
FNDA:0,(anonymous_16)
FNDA:0,(anonymous_17)
FNDA:0,(anonymous_18)
FNDA:0,(anonymous_19)
FNDA:0,(anonymous_20)
FNDA:0,(anonymous_21)
FNDA:0,(anonymous_22)
FNDA:0,(anonymous_23)
FNDA:0,(anonymous_24)
FNDA:0,(anonymous_25)
FNDA:0,(anonymous_26)
FNDA:0,(anonymous_27)
FNDA:0,(anonymous_28)
DA:3,0
DA:4,0
DA:5,0
DA:6,0
DA:7,0
DA:8,0
DA:9,0
DA:10,0
DA:11,0
DA:12,0
DA:13,0
DA:41,0
DA:42,0
DA:53,0
DA:54,0
DA:55,0
DA:56,0
DA:57,0
DA:65,0
DA:66,0
DA:67,0
DA:68,0
DA:74,0
DA:77,0
DA:78,0
DA:79,0
DA:80,0
DA:84,0
DA:85,0
DA:86,0
DA:87,0
DA:93,0
DA:94,0
DA:95,0
DA:96,0
DA:103,0
DA:104,0
DA:105,0
DA:106,0
DA:109,0
DA:110,0
DA:113,0
DA:135,0
DA:136,0
DA:145,0
DA:147,0
DA:153,0
DA:156,0
DA:160,0
DA:164,0
DA:165,0
DA:168,0
DA:169,0
DA:171,0
DA:176,0
DA:177,0
DA:185,0
DA:189,0
DA:190,0
DA:191,0
DA:194,0
DA:196,0
DA:201,0
DA:202,0
DA:206,0
DA:207,0
DA:208,0
DA:211,0
DA:213,0
DA:218,0
DA:219,0
DA:223,0
DA:224,0
DA:225,0
DA:226,0
DA:233,0
DA:322,0
DA:400,0
DA:582,0
DA:583,0
DA:584,0
DA:585,0
DA:586,0
DA:587,0
DA:589,0
DA:635,0
DA:707,0
DA:710,0
DA:756,0
DA:766,0
DA:776,0
DA:785,0
DA:952,0
DA:988,0
DA:1001,0
DA:1014,0
DA:1033,0
DA:1034,0
DA:1038,0
LF:99
LH:0
BRDA:79,0,0,0
BRDA:79,0,1,0
BRDA:135,1,0,0
BRDA:135,1,1,0
BRDA:136,2,0,0
BRDA:136,2,1,0
BRDA:168,3,0,0
BRDA:168,3,1,0
BRDA:168,4,0,0
BRDA:168,4,1,0
BRDA:168,4,2,0
BRDA:168,4,3,0
BRDA:185,5,0,0
BRDA:185,5,1,0
BRDA:225,6,0,0
BRDA:225,6,1,0
BRDA:409,7,0,0
BRDA:409,7,1,0
BRDA:554,8,0,0
BRDA:561,9,0,0
BRDA:572,10,0,0
BRDA:572,10,1,0
BRDA:574,11,0,0
BRDA:574,11,1,0
BRDA:591,12,0,0
BRDA:591,12,1,0
BRDA:595,13,0,0
BRDA:607,14,0,0
BRDA:625,15,0,0
BRDA:625,15,1,0
BRDA:637,16,0,0
BRDA:641,17,0,0
BRDA:641,17,1,0
BRDA:650,18,0,0
BRDA:650,18,1,0
BRDA:664,19,0,0
BRDA:707,20,0,0
BRDA:707,20,1,0
BRDA:707,21,0,0
BRDA:707,21,1,0
BRDA:790,22,0,0
BRDA:790,22,1,0
BRDA:935,23,0,0
BRDA:1033,24,0,0
BRDA:1033,24,1,0
BRDA:1054,25,0,0
BRF:46
BRH:0
end_of_record
TN:
SF:app/providers.tsx
FN:9,Providers
FNF:1
FNH:0
FNDA:0,Providers
DA:5,0
DA:6,0
DA:7,0
DA:9,0
LF:4
LH:0
BRF:0
BRH:0
end_of_record
TN:
SF:app/accounting/page.tsx
FN:6,AccountingDashboard
FNF:1
FNH:0
FNDA:0,AccountingDashboard
DA:3,0
DA:4,0
DA:6,0
LF:3
LH:0
BRF:0
BRH:0
end_of_record
TN:
SF:app/accounting/bank-reconciliation/page.tsx
FN:6,BankReconciliationPage
FNF:1
FNH:0
FNDA:0,BankReconciliationPage
DA:4,0
DA:6,0
DA:7,0
LF:3
LH:0
BRF:0
BRH:0
end_of_record
TN:
SF:app/accounting/credit-debit-notes/page.tsx
FN:6,CreditDebitNotesPage
FNF:1
FNH:0
FNDA:0,CreditDebitNotesPage
DA:4,0
DA:6,0
DA:7,0
LF:3
LH:0
BRF:0
BRH:0
end_of_record
TN:
SF:app/accounting/fiscal-year/page.tsx
FN:6,FiscalYearPage
FNF:1
FNH:0
FNDA:0,FiscalYearPage
DA:4,0
DA:6,0
DA:7,0
LF:3
LH:0
BRF:0
BRH:0
end_of_record
TN:
SF:app/accounting/gl-accounts/page.tsx
FN:6,GLAccountsPage
FNF:1
FNH:0
FNDA:0,GLAccountsPage
DA:4,0
DA:6,0
DA:7,0
LF:3
LH:0
BRF:0
BRH:0
end_of_record
TN:
SF:app/accounting/journal-entries/page.tsx
FN:6,JournalEntriesPage
FNF:1
FNH:0
FNDA:0,JournalEntriesPage
DA:4,0
DA:6,0
DA:7,0
LF:3
LH:0
BRF:0
BRH:0
end_of_record
TN:
SF:app/accounting/petty-cash/page.tsx
FN:6,PettyCashPage
FNF:1
FNH:0
FNDA:0,PettyCashPage
DA:4,0
DA:6,0
DA:7,0
LF:3
LH:0
BRF:0
BRH:0
end_of_record
TN:
SF:app/accounting/settings/page.tsx
FN:6,AccountingSettingsPage
FNF:1
FNH:0
FNDA:0,AccountingSettingsPage
DA:4,0
DA:6,0
DA:7,0
LF:3
LH:0
BRF:0
BRH:0
end_of_record
TN:
SF:app/admin/page.tsx
FN:11,AdminPage
FN:15,(anonymous_3)
FNF:2
FNH:0
FNDA:0,AdminPage
FNDA:0,(anonymous_3)
DA:3,0
DA:4,0
DA:5,0
DA:6,0
DA:7,0
DA:8,0
DA:9,0
DA:11,0
DA:12,0
DA:15,0
DA:16,0
DA:18,0
DA:22,0
DA:33,0
DA:63,0
LF:15
LH:0
BRDA:16,0,0,0
BRDA:16,0,1,0
BRDA:16,1,0,0
BRDA:16,1,1,0
BRDA:22,2,0,0
BRDA:22,2,1,0
BRDA:33,3,0,0
BRDA:33,3,1,0
BRDA:33,4,0,0
BRDA:33,4,1,0
BRF:10
BRH:0
end_of_record
TN:
SF:app/admin/audit/page.tsx
FN:6,AuditLogsPage
FNF:1
FNH:0
FNDA:0,AuditLogsPage
DA:4,0
DA:6,0
DA:7,0
LF:3
LH:0
BRF:0
BRH:0
end_of_record
TN:
SF:app/admin/backup/page.tsx
FN:6,BackupRestorePage
FNF:1
FNH:0
FNDA:0,BackupRestorePage
DA:4,0
DA:6,0
DA:7,0
LF:3
LH:0
BRF:0
BRH:0
end_of_record
TN:
SF:app/admin/security/page.tsx
FN:6,SecurityPage
FNF:1
FNH:0
FNDA:0,SecurityPage
DA:4,0
DA:6,0
DA:7,0
LF:3
LH:0
BRF:0
BRH:0
end_of_record
TN:
SF:app/admin/settings/page.tsx
FN:6,SystemSettingsPage
FNF:1
FNH:0
FNDA:0,SystemSettingsPage
DA:4,0
DA:6,0
DA:7,0
LF:3
LH:0
BRF:0
BRH:0
end_of_record
TN:
SF:app/admin/tenants/page.tsx
FN:6,TenantManagementPage
FNF:1
FNH:0
FNDA:0,TenantManagementPage
DA:4,0
DA:6,0
DA:7,0
LF:3
LH:0
BRF:0
BRH:0
end_of_record
TN:
SF:app/admin/users/page.tsx
FN:6,UserManagementPage
FNF:1
FNH:0
FNDA:0,UserManagementPage
DA:4,0
DA:6,0
DA:7,0
LF:3
LH:0
BRF:0
BRH:0
end_of_record
TN:
SF:app/ai-processing/page.tsx
FN:5,AIProcessingPage
FNF:1
FNH:0
FNDA:0,AIProcessingPage
DA:3,0
DA:5,0
DA:6,0
LF:3
LH:0
BRF:0
BRH:0
end_of_record
TN:
SF:app/ai-processing/categorization/page.tsx
FN:6,TransactionCategorizationPage
FNF:1
FNH:0
FNDA:0,TransactionCategorizationPage
DA:4,0
DA:6,0
DA:7,0
LF:3
LH:0
BRF:0
BRH:0
end_of_record
TN:
SF:app/ai-processing/documents/page.tsx
FN:6,DocumentProcessingPage
FNF:1
FNH:0
FNDA:0,DocumentProcessingPage
DA:4,0
DA:6,0
DA:7,0
LF:3
LH:0
BRF:0
BRH:0
end_of_record
TN:
SF:app/ai-processing/forecasting/page.tsx
FN:6,FinancialForecastingPage
FNF:1
FNH:0
FNDA:0,FinancialForecastingPage
DA:4,0
DA:6,0
DA:7,0
LF:3
LH:0
BRF:0
BRH:0
end_of_record
TN:
SF:app/ai-processing/fraud/page.tsx
FN:6,FraudDetectionPage
FNF:1
FNH:0
FNDA:0,FraudDetectionPage
DA:4,0
DA:6,0
DA:7,0
LF:3
LH:0
BRF:0
BRH:0
end_of_record
TN:
SF:app/ai-processing/jobs/page.tsx
FN:6,ProcessingJobsPage
FNF:1
FNH:0
FNDA:0,ProcessingJobsPage
DA:4,0
DA:6,0
DA:7,0
LF:3
LH:0
BRF:0
BRH:0
end_of_record
TN:
SF:app/ai-processing/models/page.tsx
FN:6,AIModelsPage
FNF:1
FNH:0
FNDA:0,AIModelsPage
DA:4,0
DA:6,0
DA:7,0
LF:3
LH:0
BRF:0
BRH:0
end_of_record
TN:
SF:app/ai-processing/settings/page.tsx
FN:6,AIProcessingSettingsPage
FNF:1
FNH:0
FNDA:0,AIProcessingSettingsPage
DA:4,0
DA:6,0
DA:7,0
LF:3
LH:0
BRF:0
BRH:0
end_of_record
TN:
SF:app/api-docs/page.tsx
FN:20,APIDocsPage
FN:305,(anonymous_3)
FN:322,(anonymous_4)
FN:352,(anonymous_5)
FNF:4
FNH:0
FNDA:0,APIDocsPage
FNDA:0,(anonymous_3)
FNDA:0,(anonymous_4)
FNDA:0,(anonymous_5)
DA:1,0
DA:2,0
DA:3,0
DA:4,0
DA:5,0
DA:18,0
DA:20,0
DA:21,0
DA:99,0
DA:306,0
DA:323,0
DA:353,0
LF:12
LH:0
BRDA:309,0,0,0
BRDA:309,0,1,0
BRDA:310,1,0,0
BRDA:310,1,1,0
BRDA:311,2,0,0
BRDA:311,2,1,0
BRF:6
BRH:0
end_of_record
TN:
SF:app/api/auth/[...nextauth]/route.ts
FN:47,(anonymous_5)
FN:55,(anonymous_6)
FN:96,(anonymous_7)
FN:108,(anonymous_8)
FNF:4
FNH:0
FNDA:0,(anonymous_5)
FNDA:0,(anonymous_6)
FNDA:0,(anonymous_7)
FNDA:0,(anonymous_8)
DA:1,0
DA:2,0
DA:6,0
DA:32,0
DA:39,0
DA:48,0
DA:49,0
DA:50,0
DA:51,0
DA:55,0
DA:57,0
DA:58,0
DA:59,0
DA:63,0
DA:64,0
DA:65,0
DA:68,0
DA:71,0
DA:78,0
DA:79,0
DA:97,0
DA:98,0
DA:99,0
DA:100,0
DA:102,0
DA:104,0
DA:105,0
DA:109,0
DA:110,0
DA:111,0
DA:112,0
DA:114,0
DA:116,0
DA:117,0
DA:126,0
DA:128,0
LF:36
LH:0
BRDA:49,0,0,0
BRDA:49,0,1,0
BRDA:49,1,0,0
BRDA:49,1,1,0
BRDA:57,2,0,0
BRDA:57,2,1,0
BRDA:63,3,0,0
BRDA:63,3,1,0
BRDA:98,4,0,0
BRDA:98,4,1,0
BRDA:110,5,0,0
BRDA:110,5,1,0
BRDA:110,6,0,0
BRDA:110,6,1,0
BRDA:121,7,0,0
BRDA:121,7,1,0
BRF:16
BRH:0
end_of_record
TN:
SF:app/api/auth/login/route.ts
FN:37,POST
FN:51,(anonymous_3)
FNF:2
FNH:0
FNDA:0,POST
FNDA:0,(anonymous_3)
DA:1,0
DA:2,0
DA:3,0
DA:6,0
DA:35,0
DA:37,0
DA:38,0
DA:39,0
DA:40,0
DA:43,0
DA:44,0
DA:51,0
DA:52,0
DA:53,0
DA:60,0
DA:61,0
DA:68,0
DA:69,0
DA:70,0
DA:77,0
DA:78,0
DA:81,0
DA:94,0
DA:104,0
DA:118,0
DA:125,0
DA:132,0
DA:135,0
DA:136,0
LF:29
LH:0
BRDA:35,0,0,0
BRDA:35,0,1,0
BRDA:43,1,0,0
BRDA:43,1,1,0
BRDA:43,2,0,0
BRDA:43,2,1,0
BRDA:52,3,0,0
BRDA:52,3,1,0
BRDA:60,4,0,0
BRDA:60,4,1,0
BRDA:69,5,0,0
BRDA:69,5,1,0
BRF:12
BRH:0
end_of_record
TN:
SF:app/api/auth/logout/route.ts
FN:3,POST
FNF:1
FNH:0
FNDA:0,POST
DA:1,0
DA:3,0
DA:4,0
DA:6,0
DA:12,0
DA:19,0
DA:26,0
DA:29,0
DA:30,0
LF:9
LH:0
BRF:0
BRH:0
end_of_record
TN:
SF:app/api/auth/me/route.ts
FN:34,GET
FN:50,(anonymous_3)
FNF:2
FNH:0
FNDA:0,GET
FNDA:0,(anonymous_3)
DA:1,0
DA:2,0
DA:4,0
DA:7,0
DA:34,0
DA:35,0
DA:37,0
DA:39,0
DA:40,0
DA:47,0
DA:50,0
DA:51,0
DA:52,0
DA:59,0
DA:60,0
DA:67,0
DA:92,0
DA:93,0
LF:18
LH:0
BRDA:4,0,0,0
BRDA:4,0,1,0
BRDA:39,1,0,0
BRDA:39,1,1,0
BRDA:51,2,0,0
BRDA:51,2,1,0
BRDA:59,3,0,0
BRDA:59,3,1,0
BRF:8
BRH:0
end_of_record
TN:
SF:app/api/auth/signup/route.ts
FN:24,POST
FN:55,(anonymous_3)
FNF:2
FNH:0
FNDA:0,POST
FNDA:0,(anonymous_3)
DA:1,0
DA:2,0
DA:3,0
DA:6,0
DA:22,0
DA:24,0
DA:25,0
DA:26,0
DA:27,0
DA:30,0
DA:31,0
DA:38,0
DA:39,0
DA:40,0
DA:47,0
DA:48,0
DA:55,0
DA:56,0
DA:57,0
DA:64,0
DA:65,0
DA:68,0
DA:83,0
DA:86,0
DA:99,0
DA:109,0
DA:123,0
DA:130,0
DA:137,0
DA:140,0
DA:141,0
LF:31
LH:0
BRDA:22,0,0,0
BRDA:22,0,1,0
BRDA:27,1,0,0
BRDA:30,2,0,0
BRDA:30,2,1,0
BRDA:30,3,0,0
BRDA:30,3,1,0
BRDA:30,3,2,0
BRDA:39,4,0,0
BRDA:39,4,1,0
BRDA:47,5,0,0
BRDA:47,5,1,0
BRDA:56,6,0,0
BRDA:56,6,1,0
BRDA:74,7,0,0
BRDA:74,7,1,0
BRDA:75,8,0,0
BRDA:75,8,1,0
BRF:18
BRH:0
end_of_record
TN:
SF:app/api/content/route.ts
FN:166,(anonymous_5)
FN:216,(anonymous_6)
FN:231,(anonymous_7)
FN:236,(anonymous_8)
FN:244,(anonymous_9)
FN:247,(anonymous_10)
FN:251,(anonymous_11)
FN:252,(anonymous_12)
FN:256,(anonymous_13)
FN:263,(anonymous_14)
FN:292,(anonymous_15)
FN:293,(anonymous_16)
FN:314,(anonymous_17)
FN:315,(anonymous_18)
FN:325,GET
FN:365,POST
FN:464,PUT
FN:496,DELETE
FNF:18
FNH:0
FNDA:0,(anonymous_5)
FNDA:0,(anonymous_6)
FNDA:0,(anonymous_7)
FNDA:0,(anonymous_8)
FNDA:0,(anonymous_9)
FNDA:0,(anonymous_10)
FNDA:0,(anonymous_11)
FNDA:0,(anonymous_12)
FNDA:0,(anonymous_13)
FNDA:0,(anonymous_14)
FNDA:0,(anonymous_15)
FNDA:0,(anonymous_16)
FNDA:0,(anonymous_17)
FNDA:0,(anonymous_18)
FNDA:0,GET
FNDA:0,POST
FNDA:0,PUT
FNDA:0,DELETE
DA:1,0
DA:2,0
DA:3,0
DA:35,0
DA:170,0
DA:201,0
DA:203,0
DA:218,0
DA:232,0
DA:235,0
DA:236,0
DA:237,0
DA:242,0
DA:243,0
DA:244,0
DA:246,0
DA:247,0
DA:249,0
DA:250,0
DA:251,0
DA:252,0
DA:255,0
DA:256,0
DA:260,0
DA:264,0
DA:288,0
DA:289,0
DA:293,0
DA:294,0
DA:295,0
DA:298,0
DA:299,0
DA:310,0
DA:311,0
DA:315,0
DA:316,0
DA:317,0
DA:320,0
DA:321,0
DA:325,0
DA:326,0
DA:327,0
DA:328,0
DA:329,0
DA:332,0
DA:333,0
DA:334,0
DA:335,0
DA:336,0
DA:337,0
DA:339,0
DA:346,0
DA:348,0
DA:357,0
DA:358,0
DA:365,0
DA:366,0
DA:367,0
DA:368,0
DA:369,0
DA:372,0
DA:373,0
DA:375,0
DA:377,0
DA:384,0
DA:403,0
DA:413,0
DA:414,0
DA:420,0
DA:425,0
DA:438,0
DA:449,0
DA:450,0
DA:456,0
DA:457,0
DA:464,0
DA:465,0
DA:466,0
DA:467,0
DA:468,0
DA:471,0
DA:472,0
DA:474,0
DA:475,0
DA:481,0
DA:483,0
DA:488,0
DA:489,0
DA:496,0
DA:497,0
DA:498,0
DA:499,0
DA:500,0
DA:503,0
DA:504,0
DA:506,0
DA:507,0
DA:513,0
DA:515,0
DA:520,0
DA:521,0
LF:101
LH:0
BRDA:201,0,0,0
BRDA:201,0,1,0
BRDA:235,1,0,0
BRDA:235,1,1,0
BRDA:237,2,0,0
BRDA:237,2,1,0
BRDA:242,3,0,0
BRDA:242,3,1,0
BRDA:243,4,0,0
BRDA:243,4,1,0
BRDA:246,5,0,0
BRDA:246,5,1,0
BRDA:249,6,0,0
BRDA:249,6,1,0
BRDA:250,7,0,0
BRDA:250,7,1,0
BRDA:255,8,0,0
BRDA:255,8,1,0
BRDA:266,9,0,0
BRDA:266,9,1,0
BRDA:267,10,0,0
BRDA:267,10,1,0
BRDA:268,11,0,0
BRDA:268,11,1,0
BRDA:268,11,2,0
BRDA:269,12,0,0
BRDA:269,12,1,0
BRDA:275,13,0,0
BRDA:275,13,1,0
BRDA:276,14,0,0
BRDA:276,14,1,0
BRDA:280,15,0,0
BRDA:280,15,1,0
BRDA:294,16,0,0
BRDA:294,16,1,0
BRDA:316,17,0,0
BRDA:316,17,1,0
BRDA:328,18,0,0
BRDA:328,18,1,0
BRDA:333,19,0,0
BRDA:333,19,1,0
BRDA:334,20,0,0
BRDA:334,20,1,0
BRDA:335,21,0,0
BRDA:335,21,1,0
BRDA:336,22,0,0
BRDA:336,22,1,0
BRDA:337,23,0,0
BRDA:337,23,1,0
BRDA:342,24,0,0
BRDA:342,24,1,0
BRDA:343,25,0,0
BRDA:343,25,1,0
BRDA:368,26,0,0
BRDA:368,26,1,0
BRDA:375,27,0,0
BRDA:375,27,1,0
BRDA:375,27,2,0
BRDA:387,28,0,0
BRDA:387,28,1,0
BRDA:391,29,0,0
BRDA:391,29,1,0
BRDA:413,30,0,0
BRDA:413,30,1,0
BRDA:413,31,0,0
BRDA:413,31,1,0
BRDA:467,32,0,0
BRDA:467,32,1,0
BRDA:474,33,0,0
BRDA:474,33,1,0
BRDA:499,34,0,0
BRDA:499,34,1,0
BRDA:506,35,0,0
BRDA:506,35,1,0
BRF:74
BRH:0
end_of_record
TN:
SF:app/auth/error/loading.tsx
FN:1,Loading
FNF:1
FNH:0
FNDA:0,Loading
DA:1,0
DA:2,0
LF:2
LH:0
BRF:0
BRH:0
end_of_record
TN:
SF:app/auth/error/page.tsx
FN:16,AuthErrorPage
FNF:1
FNH:0
FNDA:0,AuthErrorPage
DA:3,0
DA:4,0
DA:5,0
DA:6,0
DA:7,0
DA:9,0
DA:16,0
DA:17,0
DA:18,0
DA:20,0
LF:10
LH:0
BRDA:20,0,0,0
BRDA:20,0,1,0
BRDA:20,1,0,0
BRDA:20,1,1,0
BRF:4
BRH:0
end_of_record
TN:
SF:app/auth/forgot-password/page.tsx
FN:14,ForgotPasswordPage
FN:19,(anonymous_3)
FN:24,(anonymous_4)
FN:72,(anonymous_5)
FN:142,(anonymous_6)
FNF:5
FNH:0
FNDA:0,ForgotPasswordPage
FNDA:0,(anonymous_3)
FNDA:0,(anonymous_4)
FNDA:0,(anonymous_5)
FNDA:0,(anonymous_6)
DA:5,0
DA:6,0
DA:7,0
DA:8,0
DA:9,0
DA:10,0
DA:11,0
DA:12,0
DA:14,0
DA:15,0
DA:16,0
DA:17,0
DA:19,0
DA:20,0
DA:21,0
DA:24,0
DA:26,0
DA:27,0
DA:30,0
DA:73,0
DA:74,0
DA:142,0
LF:22
LH:0
BRDA:30,0,0,0
BRDA:30,0,1,0
BRDA:154,1,0,0
BRDA:154,1,1,0
BRF:4
BRH:0
end_of_record
TN:
SF:app/auth/login/loading.tsx
FN:1,Loading
FNF:1
FNH:0
FNDA:0,Loading
DA:1,0
DA:2,0
LF:2
LH:0
BRF:0
BRH:0
end_of_record
TN:
SF:app/auth/login/page.tsx
FN:19,LoginPage
FN:46,(anonymous_3)
FN:52,(anonymous_4)
FN:53,(anonymous_5)
FN:55,(anonymous_6)
FN:63,(anonymous_7)
FN:111,(anonymous_8)
FN:112,(anonymous_9)
FN:119,(anonymous_10)
FN:194,(anonymous_11)
FN:209,(anonymous_12)
FN:234,(anonymous_13)
FN:253,(anonymous_14)
FN:263,(anonymous_15)
FN:276,(anonymous_16)
FN:294,(anonymous_17)
FNF:16
FNH:0
FNDA:0,LoginPage
FNDA:0,(anonymous_3)
FNDA:0,(anonymous_4)
FNDA:0,(anonymous_5)
FNDA:0,(anonymous_6)
FNDA:0,(anonymous_7)
FNDA:0,(anonymous_8)
FNDA:0,(anonymous_9)
FNDA:0,(anonymous_10)
FNDA:0,(anonymous_11)
FNDA:0,(anonymous_12)
FNDA:0,(anonymous_13)
FNDA:0,(anonymous_14)
FNDA:0,(anonymous_15)
FNDA:0,(anonymous_16)
FNDA:0,(anonymous_17)
DA:5,0
DA:6,0
DA:7,0
DA:8,0
DA:9,0
DA:10,0
DA:11,0
DA:12,0
DA:13,0
DA:14,0
DA:15,0
DA:16,0
DA:17,0
DA:19,0
DA:20,0
DA:21,0
DA:23,0
DA:24,0
DA:25,0
DA:26,0
DA:27,0
DA:35,0
DA:46,0
DA:47,0
DA:48,0
DA:52,0
DA:53,0
DA:54,0
DA:55,0
DA:63,0
DA:64,0
DA:65,0
DA:68,0
DA:69,0
DA:70,0
DA:74,0
DA:75,0
DA:76,0
DA:77,0
DA:80,0
DA:82,0
DA:84,0
DA:85,0
DA:86,0
DA:87,0
DA:91,0
DA:92,0
DA:93,0
DA:94,0
DA:98,0
DA:101,0
DA:103,0
DA:104,0
DA:105,0
DA:107,0
DA:111,0
DA:112,0
DA:114,0
DA:115,0
DA:119,0
DA:120,0
DA:121,0
DA:123,0
DA:195,0
DA:209,0
DA:234,0
DA:253,0
DA:263,0
DA:276,0
DA:294,0
LF:70
LH:0
BRDA:47,0,0,0
BRDA:47,0,1,0
BRDA:54,1,0,0
BRDA:54,1,1,0
BRDA:68,2,0,0
BRDA:68,2,1,0
BRDA:68,3,0,0
BRDA:68,3,1,0
BRDA:75,4,0,0
BRDA:75,4,1,0
BRDA:84,5,0,0
BRDA:84,5,1,0
BRDA:91,6,0,0
BRDA:91,6,1,0
BRDA:114,7,0,0
BRDA:114,7,1,0
BRDA:120,8,0,0
BRDA:120,8,1,0
BRDA:123,9,0,0
BRDA:123,9,1,0
BRDA:150,10,0,0
BRDA:162,11,0,0
BRDA:162,11,1,0
BRDA:165,12,0,0
BRDA:172,13,0,0
BRDA:182,14,0,0
BRDA:204,15,0,0
BRDA:209,16,0,0
BRDA:209,16,1,0
BRDA:250,17,0,0
BRDA:250,17,1,0
BRDA:266,18,0,0
BRDA:307,19,0,0
BRDA:307,19,1,0
BRDA:310,20,0,0
BRDA:312,21,0,0
BRDA:312,21,1,0
BRDA:315,22,0,0
BRDA:315,22,1,0
BRF:39
BRH:0
end_of_record
TN:
SF:app/auth/signup/page.tsx
FN:17,SignUpPage
FN:45,(anonymous_3)
FN:57,(anonymous_4)
FN:71,(anonymous_5)
FN:88,(anonymous_6)
FN:89,(anonymous_7)
FN:150,(anonymous_8)
FN:166,(anonymous_9)
FN:185,(anonymous_10)
FN:203,(anonymous_11)
FN:222,(anonymous_12)
FN:232,(anonymous_13)
FN:254,(anonymous_14)
FN:267,(anonymous_15)
FN:285,(anonymous_16)
FNF:15
FNH:0
FNDA:0,SignUpPage
FNDA:0,(anonymous_3)
FNDA:0,(anonymous_4)
FNDA:0,(anonymous_5)
FNDA:0,(anonymous_6)
FNDA:0,(anonymous_7)
FNDA:0,(anonymous_8)
FNDA:0,(anonymous_9)
FNDA:0,(anonymous_10)
FNDA:0,(anonymous_11)
FNDA:0,(anonymous_12)
FNDA:0,(anonymous_13)
FNDA:0,(anonymous_14)
FNDA:0,(anonymous_15)
FNDA:0,(anonymous_16)
DA:5,0
DA:6,0
DA:7,0
DA:8,0
DA:9,0
DA:11,0
DA:13,0
DA:14,0
DA:15,0
DA:17,0
DA:18,0
DA:19,0
DA:20,0
DA:21,0
DA:32,0
DA:34,0
DA:45,0
DA:46,0
DA:57,0
DA:58,0
DA:59,0
DA:62,0
DA:63,0
DA:64,0
DA:67,0
DA:69,0
DA:71,0
DA:73,0
DA:76,0
DA:79,0
DA:81,0
DA:82,0
DA:84,0
DA:88,0
DA:89,0
DA:150,0
DA:166,0
DA:185,0
DA:203,0
DA:222,0
DA:232,0
DA:254,0
DA:267,0
DA:285,0
LF:44
LH:0
BRDA:47,0,0,0
BRDA:47,0,1,0
BRDA:47,0,2,0
BRDA:47,0,3,0
BRDA:47,0,4,0
BRDA:47,0,5,0
BRDA:47,0,6,0
BRDA:62,1,0,0
BRDA:62,1,1,0
BRDA:129,2,0,0
BRDA:219,3,0,0
BRDA:219,3,1,0
BRDA:235,4,0,0
BRDA:298,5,0,0
BRDA:298,5,1,0
BRDA:301,6,0,0
BRF:16
BRH:0
end_of_record
TN:
SF:app/auth/web3/page.tsx
FN:12,Web3LoginPage
FN:13,(anonymous_3)
FN:17,(anonymous_4)
FN:60,(anonymous_5)
FN:64,(anonymous_6)
FNF:5
FNH:0
FNDA:0,Web3LoginPage
FNDA:0,(anonymous_3)
FNDA:0,(anonymous_4)
FNDA:0,(anonymous_5)
FNDA:0,(anonymous_6)
DA:3,0
DA:4,0
DA:5,0
DA:6,0
DA:7,0
DA:8,0
DA:9,0
DA:10,0
DA:12,0
DA:13,0
DA:17,0
DA:18,0
DA:61,0
DA:65,0
LF:14
LH:0
BRF:0
BRH:0
end_of_record
TN:
SF:app/banking/page.tsx
FN:5,BankingPage
FNF:1
FNH:0
FNDA:0,BankingPage
DA:3,0
DA:5,0
DA:6,0
LF:3
LH:0
BRF:0
BRH:0
end_of_record
TN:
SF:app/banking/accounts/page.tsx
FN:6,BankAccountsPage
FNF:1
FNH:0
FNDA:0,BankAccountsPage
DA:4,0
DA:6,0
DA:7,0
LF:3
LH:0
BRF:0
BRH:0
end_of_record
TN:
SF:app/banking/import-export/page.tsx
FN:6,ImportExportPage
FNF:1
FNH:0
FNDA:0,ImportExportPage
DA:4,0
DA:6,0
DA:7,0
LF:3
LH:0
BRF:0
BRH:0
end_of_record
TN:
SF:app/banking/integration/page.tsx
FN:6,BankIntegrationPage
FNF:1
FNH:0
FNDA:0,BankIntegrationPage
DA:4,0
DA:6,0
DA:7,0
LF:3
LH:0
BRF:0
BRH:0
end_of_record
TN:
SF:app/banking/plaid/page.tsx
FN:6,PlaidPage
FNF:1
FNH:0
FNDA:0,PlaidPage
DA:4,0
DA:6,0
DA:7,0
LF:3
LH:0
BRF:0
BRH:0
end_of_record
TN:
SF:app/banking/reconciliation/page.tsx
FN:6,BankReconciliationPage
FNF:1
FNH:0
FNDA:0,BankReconciliationPage
DA:4,0
DA:6,0
DA:7,0
LF:3
LH:0
BRF:0
BRH:0
end_of_record
TN:
SF:app/banking/settings/page.tsx
FN:6,BankingSettingsPage
FNF:1
FNH:0
FNDA:0,BankingSettingsPage
DA:4,0
DA:6,0
DA:7,0
LF:3
LH:0
BRF:0
BRH:0
end_of_record
TN:
SF:app/banking/transactions/page.tsx
FN:6,BankTransactionsPage
FNF:1
FNH:0
FNDA:0,BankTransactionsPage
DA:4,0
DA:6,0
DA:7,0
LF:3
LH:0
BRF:0
BRH:0
end_of_record
TN:
SF:app/blog/page.tsx
FN:21,BlogPage
FN:126,(anonymous_3)
FN:140,(anonymous_4)
FN:190,(anonymous_5)
FN:239,(anonymous_6)
FN:308,(anonymous_7)
FNF:6
FNH:0
FNDA:0,BlogPage
FNDA:0,(anonymous_3)
FNDA:0,(anonymous_4)
FNDA:0,(anonymous_5)
FNDA:0,(anonymous_6)
FNDA:0,(anonymous_7)
DA:1,0
DA:2,0
DA:3,0
DA:4,0
DA:5,0
DA:6,0
DA:19,0
DA:21,0
DA:22,0
DA:34,0
DA:117,0
DA:126,0
DA:127,0
DA:128,0
DA:129,0
DA:130,0
DA:131,0
DA:132,0
DA:133,0
DA:134,0
DA:135,0
DA:136,0
DA:140,0
DA:141,0
DA:142,0
DA:143,0
DA:144,0
DA:145,0
DA:146,0
DA:147,0
DA:148,0
DA:149,0
DA:150,0
DA:191,0
DA:192,0
DA:240,0
DA:309,0
DA:310,0
LF:38
LH:0
BRDA:127,0,0,0
BRDA:127,0,1,0
BRDA:127,0,2,0
BRDA:127,0,3,0
BRDA:127,0,4,0
BRDA:127,0,5,0
BRDA:127,0,6,0
BRDA:127,0,7,0
BRDA:127,0,8,0
BRDA:141,1,0,0
BRDA:141,1,1,0
BRDA:141,1,2,0
BRDA:141,1,3,0
BRDA:141,1,4,0
BRDA:141,1,5,0
BRDA:141,1,6,0
BRDA:141,1,7,0
BRDA:141,1,8,0
BRF:18
BRH:0
end_of_record
TN:
SF:app/company-portal/page.tsx
FN:6,CompanyPortalDashboard
FNF:1
FNH:0
FNDA:0,CompanyPortalDashboard
DA:3,0
DA:4,0
DA:6,0
LF:3
LH:0
BRF:0
BRH:0
end_of_record
TN:
SF:app/compliance/page.tsx
FN:21,CompliancePage
FN:288,(anonymous_3)
FN:314,(anonymous_4)
FN:371,(anonymous_5)
FN:386,(anonymous_6)
FN:397,(anonymous_7)
FN:416,(anonymous_8)
FN:429,(anonymous_9)
FNF:8
FNH:0
FNDA:0,CompliancePage
FNDA:0,(anonymous_3)
FNDA:0,(anonymous_4)
FNDA:0,(anonymous_5)
FNDA:0,(anonymous_6)
FNDA:0,(anonymous_7)
FNDA:0,(anonymous_8)
FNDA:0,(anonymous_9)
DA:1,0
DA:2,0
DA:3,0
DA:4,0
DA:5,0
DA:19,0
DA:21,0
DA:22,0
DA:81,0
DA:138,0
DA:289,0
DA:315,0
DA:372,0
DA:373,0
DA:387,0
DA:398,0
DA:417,0
DA:418,0
DA:430,0
LF:19
LH:0
BRF:0
BRH:0
end_of_record
TN:
SF:app/contact/page.tsx
FN:11,ContactPage
FNF:1
FNH:0
FNDA:0,ContactPage
DA:3,0
DA:4,0
DA:5,0
DA:6,0
DA:7,0
DA:8,0
DA:9,0
DA:11,0
LF:8
LH:0
BRF:0
BRH:0
end_of_record
TN:
SF:app/demo/page.tsx
FN:9,DemoPage
FNF:1
FNH:0
FNDA:0,DemoPage
DA:3,0
DA:4,0
DA:5,0
DA:6,0
DA:7,0
DA:9,0
LF:6
LH:0
BRF:0
BRH:0
end_of_record
TN:
SF:app/documentation/page.tsx
FN:22,DocumentationPage
FN:183,(anonymous_3)
FN:291,(anonymous_4)
FN:366,(anonymous_5)
FNF:4
FNH:0
FNDA:0,DocumentationPage
FNDA:0,(anonymous_3)
FNDA:0,(anonymous_4)
FNDA:0,(anonymous_5)
DA:1,0
DA:2,0
DA:3,0
DA:4,0
DA:5,0
DA:20,0
DA:22,0
DA:23,0
DA:50,0
DA:73,0
DA:184,0
DA:292,0
DA:367,0
LF:13
LH:0
BRDA:295,0,0,0
BRDA:295,0,1,0
BRDA:296,1,0,0
BRDA:296,1,1,0
BRDA:372,2,0,0
BRDA:372,2,1,0
BRDA:373,3,0,0
BRDA:373,3,1,0
BRF:8
BRH:0
end_of_record
TN:
SF:app/documents/page.tsx
FN:5,DocumentsPage
FNF:1
FNH:0
FNDA:0,DocumentsPage
DA:3,0
DA:5,0
DA:6,0
LF:3
LH:0
BRF:0
BRH:0
end_of_record
TN:
SF:app/documents/all/page.tsx
FN:6,AllDocumentsPage
FNF:1
FNH:0
FNDA:0,AllDocumentsPage
DA:4,0
DA:6,0
DA:7,0
LF:3
LH:0
BRF:0
BRH:0
end_of_record
TN:
SF:app/documents/ocr/page.tsx
FN:6,OCRProcessingPage
FNF:1
FNH:0
FNDA:0,OCRProcessingPage
DA:4,0
DA:6,0
DA:7,0
LF:3
LH:0
BRF:0
BRH:0
end_of_record
TN:
SF:app/documents/settings/page.tsx
FN:6,DocumentSettingsPage
FNF:1
FNH:0
FNDA:0,DocumentSettingsPage
DA:4,0
DA:6,0
DA:7,0
LF:3
LH:0
BRF:0
BRH:0
end_of_record
TN:
SF:app/documents/storage/page.tsx
FN:6,StorageManagementPage
FNF:1
FNH:0
FNDA:0,StorageManagementPage
DA:4,0
DA:6,0
DA:7,0
LF:3
LH:0
BRF:0
BRH:0
end_of_record
TN:
SF:app/documents/templates/page.tsx
FN:6,DocumentTemplatesPage
FNF:1
FNH:0
FNDA:0,DocumentTemplatesPage
DA:4,0
DA:6,0
DA:7,0
LF:3
LH:0
BRF:0
BRH:0
end_of_record
TN:
SF:app/documents/upload/page.tsx
FN:6,UploadDocumentsPage
FNF:1
FNH:0
FNDA:0,UploadDocumentsPage
DA:4,0
DA:6,0
DA:7,0
LF:3
LH:0
BRF:0
BRH:0
end_of_record
TN:
SF:app/documents/workflow/page.tsx
FN:6,DocumentWorkflowPage
FNF:1
FNH:0
FNDA:0,DocumentWorkflowPage
DA:4,0
DA:6,0
DA:7,0
LF:3
LH:0
BRF:0
BRH:0
end_of_record
TN:
SF:app/firm/page.tsx
FN:11,FirmPage
FN:15,(anonymous_3)
FNF:2
FNH:0
FNDA:0,FirmPage
FNDA:0,(anonymous_3)
DA:3,0
DA:4,0
DA:5,0
DA:6,0
DA:7,0
DA:8,0
DA:9,0
DA:11,0
DA:12,0
DA:15,0
DA:16,0
DA:17,0
DA:21,0
DA:32,0
DA:58,0
LF:15
LH:0
BRDA:16,0,0,0
BRDA:16,0,1,0
BRDA:16,1,0,0
BRDA:16,1,1,0
BRDA:16,1,2,0
BRDA:21,2,0,0
BRDA:21,2,1,0
BRDA:32,3,0,0
BRDA:32,3,1,0
BRDA:32,4,0,0
BRDA:32,4,1,0
BRF:11
BRH:0
end_of_record
TN:
SF:app/firm/client/[clientId]/page.tsx
FN:30,ClientPage
FN:37,(anonymous_3)
FN:186,(anonymous_4)
FNF:3
FNH:0
FNDA:0,ClientPage
FNDA:0,(anonymous_3)
FNDA:0,(anonymous_4)
DA:3,0
DA:4,0
DA:5,0
DA:6,0
DA:7,0
DA:8,0
DA:9,0
DA:21,0
DA:22,0
DA:30,0
DA:31,0
DA:32,0
DA:33,0
DA:34,0
DA:37,0
DA:38,0
DA:39,0
DA:43,0
DA:54,0
DA:55,0
DA:58,0
DA:187,0
LF:22
LH:0
BRDA:38,0,0,0
BRDA:38,0,1,0
BRDA:38,1,0,0
BRDA:38,1,1,0
BRDA:38,1,2,0
BRDA:43,2,0,0
BRDA:43,2,1,0
BRDA:43,3,0,0
BRDA:43,3,1,0
BRDA:54,4,0,0
BRDA:54,4,1,0
BRDA:54,5,0,0
BRDA:54,5,1,0
BRDA:58,6,0,0
BRDA:58,6,1,0
BRDA:193,7,0,0
BRDA:193,7,1,0
BRDA:194,8,0,0
BRDA:194,8,1,0
BRDA:198,9,0,0
BRDA:198,9,1,0
BRF:21
BRH:0
end_of_record
TN:
SF:app/inventory/page.tsx
FN:5,InventoryPage
FNF:1
FNH:0
FNDA:0,InventoryPage
DA:3,0
DA:5,0
DA:6,0
LF:3
LH:0
BRF:0
BRH:0
end_of_record
TN:
SF:app/inventory/barcode/page.tsx
FN:6,BarcodePage
FNF:1
FNH:0
FNDA:0,BarcodePage
DA:4,0
DA:6,0
DA:7,0
LF:3
LH:0
BRF:0
BRH:0
end_of_record
TN:
SF:app/inventory/categories/page.tsx
FN:6,InventoryCategoriesPage
FNF:1
FNH:0
FNDA:0,InventoryCategoriesPage
DA:4,0
DA:6,0
DA:7,0
LF:3
LH:0
BRF:0
BRH:0
end_of_record
TN:
SF:app/inventory/items/page.tsx
FN:6,InventoryItemsPage
FNF:1
FNH:0
FNDA:0,InventoryItemsPage
DA:4,0
DA:6,0
DA:7,0
LF:3
LH:0
BRF:0
BRH:0
end_of_record
TN:
SF:app/inventory/movements/page.tsx
FN:6,StockMovementsPage
FNF:1
FNH:0
FNDA:0,StockMovementsPage
DA:4,0
DA:6,0
DA:7,0
LF:3
LH:0
BRF:0
BRH:0
end_of_record
TN:
SF:app/inventory/reorder/page.tsx
FN:6,ReorderPointsPage
FNF:1
FNH:0
FNDA:0,ReorderPointsPage
DA:4,0
DA:6,0
DA:7,0
LF:3
LH:0
BRF:0
BRH:0
end_of_record
TN:
SF:app/inventory/settings/page.tsx
FN:6,InventorySettingsPage
FNF:1
FNH:0
FNDA:0,InventorySettingsPage
DA:4,0
DA:6,0
DA:7,0
LF:3
LH:0
BRF:0
BRH:0
end_of_record
TN:
SF:app/inventory/valuation/page.tsx
FN:6,InventoryValuationPage
FNF:1
FNH:0
FNDA:0,InventoryValuationPage
DA:4,0
DA:6,0
DA:7,0
LF:3
LH:0
BRF:0
BRH:0
end_of_record
TN:
SF:app/invoicing/page.tsx
FN:5,InvoicingPage
FNF:1
FNH:0
FNDA:0,InvoicingPage
DA:3,0
DA:5,0
DA:6,0
LF:3
LH:0
BRF:0
BRH:0
end_of_record
TN:
SF:app/invoicing/compliance/page.tsx
FN:6,CompliancePage
FNF:1
FNH:0
FNDA:0,CompliancePage
DA:4,0
DA:6,0
DA:7,0
LF:3
LH:0
BRF:0
BRH:0
end_of_record
TN:
SF:app/invoicing/create/page.tsx
FN:6,CreateInvoicePage
FNF:1
FNH:0
FNDA:0,CreateInvoicePage
DA:4,0
DA:6,0
DA:7,0
LF:3
LH:0
BRF:0
BRH:0
end_of_record
TN:
SF:app/invoicing/e-invoicing/page.tsx
FN:6,EInvoicingPage
FNF:1
FNH:0
FNDA:0,EInvoicingPage
DA:4,0
DA:6,0
DA:7,0
LF:3
LH:0
BRF:0
BRH:0
end_of_record
TN:
SF:app/invoicing/settings/page.tsx
FN:6,InvoicingSettingsPage
FNF:1
FNH:0
FNDA:0,InvoicingSettingsPage
DA:4,0
DA:6,0
DA:7,0
LF:3
LH:0
BRF:0
BRH:0
end_of_record
TN:
SF:app/invoicing/signatures/page.tsx
FN:6,SignaturesPage
FNF:1
FNH:0
FNDA:0,SignaturesPage
DA:4,0
DA:6,0
DA:7,0
LF:3
LH:0
BRF:0
BRH:0
end_of_record
TN:
SF:app/invoicing/tax/page.tsx
FN:6,TaxPage
FNF:1
FNH:0
FNDA:0,TaxPage
DA:4,0
DA:6,0
DA:7,0
LF:3
LH:0
BRF:0
BRH:0
end_of_record
TN:
SF:app/invoicing/templates/page.tsx
FN:6,InvoiceTemplatesPage
FNF:1
FNH:0
FNDA:0,InvoiceTemplatesPage
DA:4,0
DA:6,0
DA:7,0
LF:3
LH:0
BRF:0
BRH:0
end_of_record
TN:
SF:app/mobile/page.tsx
FN:5,MobilePage
FNF:1
FNH:0
FNDA:0,MobilePage
DA:3,0
DA:5,0
DA:6,0
LF:3
LH:0
BRF:0
BRH:0
end_of_record
TN:
SF:app/mobile/approvals/page.tsx
FN:5,MobileApprovalsPage
FNF:1
FNH:0
FNDA:0,MobileApprovalsPage
DA:3,0
DA:5,0
DA:6,0
LF:3
LH:0
BRF:0
BRH:0
end_of_record
TN:
SF:app/mobile/dashboard/page.tsx
FN:5,MobileDashboardPage
FNF:1
FNH:0
FNDA:0,MobileDashboardPage
DA:3,0
DA:5,0
DA:6,0
LF:3
LH:0
BRF:0
BRH:0
end_of_record
TN:
SF:app/mobile/expenses/page.tsx
FN:5,MobileExpensesPage
FNF:1
FNH:0
FNDA:0,MobileExpensesPage
DA:3,0
DA:5,0
DA:6,0
LF:3
LH:0
BRF:0
BRH:0
end_of_record
TN:
SF:app/mobile/invoices/page.tsx
FN:5,MobileInvoicesPage
FNF:1
FNH:0
FNDA:0,MobileInvoicesPage
DA:3,0
DA:5,0
DA:6,0
LF:3
LH:0
BRF:0
BRH:0
end_of_record
TN:
SF:app/mobile/invoices/create/page.tsx
FN:5,MobileInvoiceCreationPage
FNF:1
FNH:0
FNDA:0,MobileInvoiceCreationPage
DA:3,0
DA:5,0
DA:6,0
LF:3
LH:0
BRF:0
BRH:0
end_of_record
TN:
SF:app/mobile/notifications/page.tsx
FN:5,MobileNotificationsPage
FNF:1
FNH:0
FNDA:0,MobileNotificationsPage
DA:3,0
DA:5,0
DA:6,0
LF:3
LH:0
BRF:0
BRH:0
end_of_record
TN:
SF:app/mobile/offline/page.tsx
FN:6,OfflineModePage
FNF:1
FNH:0
FNDA:0,OfflineModePage
DA:4,0
DA:6,0
DA:7,0
LF:3
LH:0
BRF:0
BRH:0
end_of_record
TN:
SF:app/mobile/settings/page.tsx
FN:6,MobileSettingsPage
FNF:1
FNH:0
FNDA:0,MobileSettingsPage
DA:4,0
DA:6,0
DA:7,0
LF:3
LH:0
BRF:0
BRH:0
end_of_record
TN:
SF:app/platform-admin/page.tsx
FN:34,PlatformAdminPage
FN:40,(anonymous_3)
FN:361,(anonymous_4)
FN:391,(anonymous_5)
FN:446,(anonymous_6)
FN:464,(anonymous_7)
FN:538,(anonymous_8)
FN:550,(anonymous_9)
FNF:8
FNH:0
FNDA:0,PlatformAdminPage
FNDA:0,(anonymous_3)
FNDA:0,(anonymous_4)
FNDA:0,(anonymous_5)
FNDA:0,(anonymous_6)
FNDA:0,(anonymous_7)
FNDA:0,(anonymous_8)
FNDA:0,(anonymous_9)
DA:3,0
DA:4,0
DA:5,0
DA:6,0
DA:7,0
DA:8,0
DA:9,0
DA:10,0
DA:11,0
DA:12,0
DA:29,0
DA:30,0
DA:32,0
DA:34,0
DA:35,0
DA:36,0
DA:37,0
DA:40,0
DA:41,0
DA:42,0
DA:46,0
DA:57,0
DA:88,0
DA:99,0
DA:196,0
DA:362,0
DA:392,0
DA:446,0
DA:465,0
DA:539,0
DA:551,0
LF:31
LH:0
BRDA:41,0,0,0
BRDA:41,0,1,0
BRDA:41,1,0,0
BRDA:41,1,1,0
BRDA:41,1,2,0
BRDA:46,2,0,0
BRDA:46,2,1,0
BRDA:57,3,0,0
BRDA:57,3,1,0
BRDA:57,4,0,0
BRDA:57,4,1,0
BRDA:368,5,0,0
BRDA:368,5,1,0
BRDA:370,6,0,0
BRDA:370,6,1,0
BRDA:474,7,0,0
BRDA:474,7,1,0
BRDA:487,8,0,0
BRDA:487,8,1,0
BRDA:489,9,0,0
BRDA:489,9,1,0
BRF:21
BRH:0
end_of_record
TN:
SF:app/privacy-policy/page.tsx
FN:17,PrivacyPolicyPage
FNF:1
FNH:0
FNDA:0,PrivacyPolicyPage
DA:1,0
DA:2,0
DA:3,0
DA:4,0
DA:15,0
DA:17,0
DA:18,0
LF:7
LH:0
BRF:0
BRH:0
end_of_record
TN:
SF:app/purchase/page.tsx
FN:5,PurchasePage
FNF:1
FNH:0
FNDA:0,PurchasePage
DA:3,0
DA:5,0
DA:6,0
LF:3
LH:0
BRF:0
BRH:0
end_of_record
TN:
SF:app/purchase/analytics/page.tsx
FN:6,VendorAnalyticsPage
FNF:1
FNH:0
FNDA:0,VendorAnalyticsPage
DA:4,0
DA:6,0
DA:7,0
LF:3
LH:0
BRF:0
BRH:0
end_of_record
TN:
SF:app/purchase/approvals/page.tsx
FN:6,ApprovalsPage
FNF:1
FNH:0
FNDA:0,ApprovalsPage
DA:4,0
DA:6,0
DA:7,0
LF:3
LH:0
BRF:0
BRH:0
end_of_record
TN:
SF:app/purchase/contracts/page.tsx
FN:6,ContractsPage
FNF:1
FNH:0
FNDA:0,ContractsPage
DA:4,0
DA:6,0
DA:7,0
LF:3
LH:0
BRF:0
BRH:0
end_of_record
TN:
SF:app/purchase/orders/page.tsx
FN:6,PurchaseOrdersPage
FNF:1
FNH:0
FNDA:0,PurchaseOrdersPage
DA:4,0
DA:6,0
DA:7,0
LF:3
LH:0
BRF:0
BRH:0
end_of_record
TN:
SF:app/purchase/receiving/page.tsx
FN:6,ReceivingPage
FNF:1
FNH:0
FNDA:0,ReceivingPage
DA:4,0
DA:6,0
DA:7,0
LF:3
LH:0
BRF:0
BRH:0
end_of_record
TN:
SF:app/purchase/settings/page.tsx
FN:6,PurchaseSettingsPage
FNF:1
FNH:0
FNDA:0,PurchaseSettingsPage
DA:4,0
DA:6,0
DA:7,0
LF:3
LH:0
BRF:0
BRH:0
end_of_record
TN:
SF:app/purchase/vendors/page.tsx
FN:6,VendorsPage
FNF:1
FNH:0
FNDA:0,VendorsPage
DA:4,0
DA:6,0
DA:7,0
LF:3
LH:0
BRF:0
BRH:0
end_of_record
TN:
SF:app/reports/page.tsx
FN:5,ReportsPage
FNF:1
FNH:0
FNDA:0,ReportsPage
DA:3,0
DA:5,0
DA:6,0
LF:3
LH:0
BRF:0
BRH:0
end_of_record
TN:
SF:app/reports/compliance/page.tsx
FN:6,ComplianceReportsPage
FNF:1
FNH:0
FNDA:0,ComplianceReportsPage
DA:4,0
DA:6,0
DA:7,0
LF:3
LH:0
BRF:0
BRH:0
end_of_record
TN:
SF:app/reports/custom/page.tsx
FN:6,CustomReportsPage
FNF:1
FNH:0
FNDA:0,CustomReportsPage
DA:4,0
DA:6,0
DA:7,0
LF:3
LH:0
BRF:0
BRH:0
end_of_record
TN:
SF:app/reports/export/page.tsx
FN:6,ExportOptionsPage
FNF:1
FNH:0
FNDA:0,ExportOptionsPage
DA:4,0
DA:6,0
DA:7,0
LF:3
LH:0
BRF:0
BRH:0
end_of_record
TN:
SF:app/reports/financial/page.tsx
FN:6,FinancialReportsPage
FNF:1
FNH:0
FNDA:0,FinancialReportsPage
DA:4,0
DA:6,0
DA:7,0
LF:3
LH:0
BRF:0
BRH:0
end_of_record
TN:
SF:app/reports/scheduled/page.tsx
FN:6,ScheduledReportsPage
FNF:1
FNH:0
FNDA:0,ScheduledReportsPage
DA:4,0
DA:6,0
DA:7,0
LF:3
LH:0
BRF:0
BRH:0
end_of_record
TN:
SF:app/reports/settings/page.tsx
FN:6,ReportsSettingsPage
FNF:1
FNH:0
FNDA:0,ReportsSettingsPage
DA:4,0
DA:6,0
DA:7,0
LF:3
LH:0
BRF:0
BRH:0
end_of_record
TN:
SF:app/reports/tax/page.tsx
FN:6,TaxReportsPage
FNF:1
FNH:0
FNDA:0,TaxReportsPage
DA:4,0
DA:6,0
DA:7,0
LF:3
LH:0
BRF:0
BRH:0
end_of_record
TN:
SF:app/sales/page.tsx
FN:5,SalesPage
FNF:1
FNH:0
FNDA:0,SalesPage
DA:3,0
DA:5,0
DA:6,0
LF:3
LH:0
BRF:0
BRH:0
end_of_record
TN:
SF:app/sales/analytics/page.tsx
FN:6,SalesAnalyticsPage
FNF:1
FNH:0
FNDA:0,SalesAnalyticsPage
DA:4,0
DA:6,0
DA:7,0
LF:3
LH:0
BRF:0
BRH:0
end_of_record
TN:
SF:app/sales/commission/page.tsx
FN:6,CommissionPage
FNF:1
FNH:0
FNDA:0,CommissionPage
DA:4,0
DA:6,0
DA:7,0
LF:3
LH:0
BRF:0
BRH:0
end_of_record
TN:
SF:app/sales/customers/page.tsx
FN:6,CustomersPage
FNF:1
FNH:0
FNDA:0,CustomersPage
DA:4,0
DA:6,0
DA:7,0
LF:3
LH:0
BRF:0
BRH:0
end_of_record
TN:
SF:app/sales/orders/page.tsx
FN:6,SalesOrdersPage
FNF:1
FNH:0
FNDA:0,SalesOrdersPage
DA:4,0
DA:6,0
DA:7,0
LF:3
LH:0
BRF:0
BRH:0
end_of_record
TN:
SF:app/sales/pipeline/page.tsx
FN:6,SalesPipelinePage
FNF:1
FNH:0
FNDA:0,SalesPipelinePage
DA:4,0
DA:6,0
DA:7,0
LF:3
LH:0
BRF:0
BRH:0
end_of_record
TN:
SF:app/sales/quotes/page.tsx
FN:6,QuotesPage
FNF:1
FNH:0
FNDA:0,QuotesPage
DA:4,0
DA:6,0
DA:7,0
LF:3
LH:0
BRF:0
BRH:0
end_of_record
TN:
SF:app/sales/settings/page.tsx
FN:6,SalesSettingsPage
FNF:1
FNH:0
FNDA:0,SalesSettingsPage
DA:4,0
DA:6,0
DA:7,0
LF:3
LH:0
BRF:0
BRH:0
end_of_record
TN:
SF:app/sandbox/page.tsx
FN:6,SandboxPage
FNF:1
FNH:0
FNDA:0,SandboxPage
DA:3,0
DA:4,0
DA:6,0
LF:3
LH:0
BRF:0
BRH:0
end_of_record
TN:
SF:app/security/page.tsx
FN:27,SecurityPage
FN:224,(anonymous_3)
FN:236,(anonymous_4)
FN:279,(anonymous_5)
FN:470,(anonymous_6)
FNF:5
FNH:0
FNDA:0,SecurityPage
FNDA:0,(anonymous_3)
FNDA:0,(anonymous_4)
FNDA:0,(anonymous_5)
FNDA:0,(anonymous_6)
DA:5,0
DA:6,0
DA:7,0
DA:8,0
DA:9,0
DA:25,0
DA:27,0
DA:28,0
DA:55,0
DA:102,0
DA:225,0
DA:226,0
DA:237,0
DA:280,0
DA:281,0
DA:471,0
LF:16
LH:0
BRDA:475,0,0,0
BRDA:475,0,1,0
BRF:2
BRH:0
end_of_record
TN:
SF:app/super-admin/page.tsx
FN:6,SuperAdminDashboard
FNF:1
FNH:0
FNDA:0,SuperAdminDashboard
DA:3,0
DA:4,0
DA:6,0
LF:3
LH:0
BRF:0
BRH:0
end_of_record
TN:
SF:app/terms-of-service/page.tsx
FN:18,TermsOfServicePage
FNF:1
FNH:0
FNDA:0,TermsOfServicePage
DA:1,0
DA:2,0
DA:3,0
DA:4,0
DA:16,0
DA:18,0
DA:19,0
DA:20,0
LF:8
LH:0
BRF:0
BRH:0
end_of_record
TN:
SF:app/web3/page.tsx
FN:5,Web3Page
FNF:1
FNH:0
FNDA:0,Web3Page
DA:3,0
DA:5,0
DA:6,0
LF:3
LH:0
BRF:0
BRH:0
end_of_record
TN:
SF:app/web3/contracts/page.tsx
FN:6,ContractsPage
FNF:1
FNH:0
FNDA:0,ContractsPage
DA:4,0
DA:6,0
DA:7,0
LF:3
LH:0
BRF:0
BRH:0
end_of_record
TN:
SF:app/web3/defi/page.tsx
FN:6,DeFiPage
FNF:1
FNH:0
FNDA:0,DeFiPage
DA:4,0
DA:6,0
DA:7,0
LF:3
LH:0
BRF:0
BRH:0
end_of_record
TN:
SF:app/web3/networks/page.tsx
FN:6,NetworksPage
FNF:1
FNH:0
FNDA:0,NetworksPage
DA:4,0
DA:6,0
DA:7,0
LF:3
LH:0
BRF:0
BRH:0
end_of_record
TN:
SF:app/web3/settings/page.tsx
FN:6,Web3SettingsPage
FNF:1
FNH:0
FNDA:0,Web3SettingsPage
DA:4,0
DA:6,0
DA:7,0
LF:3
LH:0
BRF:0
BRH:0
end_of_record
TN:
SF:app/web3/tokens/page.tsx
FN:6,TokensPage
FNF:1
FNH:0
FNDA:0,TokensPage
DA:4,0
DA:6,0
DA:7,0
LF:3
LH:0
BRF:0
BRH:0
end_of_record
TN:
SF:app/web3/transactions/page.tsx
FN:6,CryptoTransactionsPage
FNF:1
FNH:0
FNDA:0,CryptoTransactionsPage
DA:4,0
DA:6,0
DA:7,0
LF:3
LH:0
BRF:0
BRH:0
end_of_record
TN:
SF:app/web3/wallets/page.tsx
FN:6,CryptoWalletsPage
FNF:1
FNH:0
FNDA:0,CryptoWalletsPage
DA:4,0
DA:6,0
DA:7,0
LF:3
LH:0
BRF:0
BRH:0
end_of_record
TN:
SF:components/ai-web3-content.tsx
FN:3,AIWeb3Content
FNF:1
FNH:0
FNDA:0,AIWeb3Content
DA:1,0
DA:3,0
LF:2
LH:0
BRF:0
BRH:0
end_of_record
TN:
SF:components/dashboard-layout.tsx
FN:388,DashboardLayout
FN:396,(anonymous_3)
FN:397,(anonymous_4)
FN:399,(anonymous_5)
FN:404,(anonymous_6)
FN:411,(anonymous_7)
FN:419,(anonymous_8)
FN:440,(anonymous_9)
FN:462,(anonymous_10)
FN:467,(anonymous_11)
FN:486,(anonymous_12)
FN:494,(anonymous_13)
FN:510,(anonymous_14)
FN:554,(anonymous_15)
FNF:14
FNH:0
FNDA:0,DashboardLayout
FNDA:0,(anonymous_3)
FNDA:0,(anonymous_4)
FNDA:0,(anonymous_5)
FNDA:0,(anonymous_6)
FNDA:0,(anonymous_7)
FNDA:0,(anonymous_8)
FNDA:0,(anonymous_9)
FNDA:0,(anonymous_10)
FNDA:0,(anonymous_11)
FNDA:0,(anonymous_12)
FNDA:0,(anonymous_13)
FNDA:0,(anonymous_14)
FNDA:0,(anonymous_15)
DA:3,0
DA:4,0
DA:5,0
DA:6,0
DA:7,0
DA:8,0
DA:9,0
DA:10,0
DA:11,0
DA:12,0
DA:177,0
DA:188,0
DA:388,0
DA:389,0
DA:390,0
DA:391,0
DA:392,0
DA:393,0
DA:394,0
DA:396,0
DA:397,0
DA:398,0
DA:399,0
DA:404,0
DA:405,0
DA:406,0
DA:408,0
DA:411,0
DA:419,0
DA:440,0
DA:463,0
DA:467,0
DA:487,0
DA:494,0
DA:510,0
DA:554,0
LF:36
LH:0
BRDA:398,0,0,0
BRDA:398,0,1,0
BRDA:405,1,0,0
BRDA:405,1,1,0
BRDA:416,2,0,0
BRDA:426,3,0,0
BRDA:426,3,1,0
BRDA:448,4,0,0
BRDA:465,5,0,0
BRDA:470,6,0,0
BRDA:470,6,1,0
BRDA:480,7,0,0
BRDA:480,7,1,0
BRDA:484,8,0,0
BRDA:492,9,0,0
BRDA:492,9,1,0
BRDA:508,10,0,0
BRDA:508,10,1,0
BRDA:521,11,0,0
BRDA:563,12,0,0
BRDA:567,13,0,0
BRDA:567,13,1,0
BRF:22
BRH:0
end_of_record
TN:
SF:components/mode-toggle.tsx
FN:8,ModeToggle
FN:21,(anonymous_2)
FN:22,(anonymous_3)
FN:23,(anonymous_4)
FNF:4
FNH:0
FNDA:0,ModeToggle
FNDA:0,(anonymous_2)
FNDA:0,(anonymous_3)
FNDA:0,(anonymous_4)
DA:2,0
DA:3,0
DA:5,0
DA:6,0
DA:8,0
DA:9,0
DA:21,0
DA:22,0
DA:23,0
LF:9
LH:0
BRF:0
BRH:0
end_of_record
TN:
SF:components/theme-provider.tsx
FN:9,ThemeProvider
FNF:1
FNH:0
FNDA:0,ThemeProvider
DA:3,0
DA:7,0
DA:9,0
LF:3
LH:0
BRF:0
BRH:0
end_of_record
TN:
SF:components/admin/billing-management-dark.tsx
FN:79,BillingManagementDark
FN:86,(anonymous_2)
FN:90,(anonymous_3)
FN:218,(anonymous_4)
FN:224,(anonymous_5)
FN:234,(anonymous_6)
FN:363,(anonymous_7)
FN:397,(anonymous_8)
FN:459,(anonymous_9)
FN:511,(anonymous_10)
FNF:10
FNH:0
FNDA:0,BillingManagementDark
FNDA:0,(anonymous_2)
FNDA:0,(anonymous_3)
FNDA:0,(anonymous_4)
FNDA:0,(anonymous_5)
FNDA:0,(anonymous_6)
FNDA:0,(anonymous_7)
FNDA:0,(anonymous_8)
FNDA:0,(anonymous_9)
FNDA:0,(anonymous_10)
DA:3,0
DA:4,0
DA:5,0
DA:6,0
DA:7,0
DA:8,0
DA:9,0
DA:10,0
DA:25,0
DA:26,0
DA:79,0
DA:80,0
DA:81,0
DA:82,0
DA:83,0
DA:84,0
DA:86,0
DA:87,0
DA:90,0
DA:91,0
DA:92,0
DA:94,0
DA:206,0
DA:208,0
DA:214,0
DA:218,0
DA:219,0
DA:220,0
DA:221,0
DA:224,0
DA:225,0
DA:231,0
DA:234,0
DA:235,0
DA:245,0
DA:249,0
DA:260,0
DA:363,0
DA:398,0
DA:460,0
DA:512,0
LF:41
LH:0
BRDA:220,0,0,0
BRDA:220,0,1,0
BRDA:221,1,0,0
BRDA:221,1,1,0
BRDA:231,2,0,0
BRDA:231,2,1,0
BRDA:235,3,0,0
BRDA:249,4,0,0
BRDA:249,4,1,0
BRDA:260,5,0,0
BRDA:260,5,1,0
BRF:11
BRH:0
end_of_record
TN:
SF:components/admin/billing-management.tsx
FN:81,BillingManagement
FN:89,(anonymous_2)
FN:93,(anonymous_3)
FN:212,(anonymous_4)
FN:218,(anonymous_5)
FN:228,(anonymous_6)
FN:357,(anonymous_7)
FN:391,(anonymous_8)
FN:453,(anonymous_9)
FN:505,(anonymous_10)
FNF:10
FNH:0
FNDA:0,BillingManagement
FNDA:0,(anonymous_2)
FNDA:0,(anonymous_3)
FNDA:0,(anonymous_4)
FNDA:0,(anonymous_5)
FNDA:0,(anonymous_6)
FNDA:0,(anonymous_7)
FNDA:0,(anonymous_8)
FNDA:0,(anonymous_9)
FNDA:0,(anonymous_10)
DA:3,0
DA:4,0
DA:5,0
DA:6,0
DA:7,0
DA:9,0
DA:11,0
DA:12,0
DA:27,0
DA:28,0
DA:81,0
DA:82,0
DA:83,0
DA:84,0
DA:85,0
DA:86,0
DA:87,0
DA:89,0
DA:90,0
DA:93,0
DA:94,0
DA:95,0
DA:97,0
DA:200,0
DA:202,0
DA:208,0
DA:212,0
DA:213,0
DA:214,0
DA:215,0
DA:218,0
DA:219,0
DA:225,0
DA:228,0
DA:229,0
DA:239,0
DA:243,0
DA:254,0
DA:357,0
DA:392,0
DA:454,0
DA:506,0
LF:42
LH:0
BRDA:214,0,0,0
BRDA:214,0,1,0
BRDA:215,1,0,0
BRDA:215,1,1,0
BRDA:225,2,0,0
BRDA:225,2,1,0
BRDA:229,3,0,0
BRDA:243,4,0,0
BRDA:243,4,1,0
BRDA:254,5,0,0
BRDA:254,5,1,0
BRF:11
BRH:0
end_of_record
TN:
SF:components/admin/content-editor.tsx
FN:43,ContentEditor
FN:54,(anonymous_5)
FN:60,(anonymous_6)
FN:78,(anonymous_7)
FN:93,(anonymous_8)
FN:105,(anonymous_9)
FN:120,(anonymous_10)
FN:215,(anonymous_11)
FN:284,(anonymous_12)
FN:292,(anonymous_13)
FN:306,(anonymous_14)
FN:314,(anonymous_15)
FN:328,(anonymous_16)
FN:336,(anonymous_17)
FN:343,(anonymous_18)
FN:365,(anonymous_19)
FN:373,(anonymous_20)
FN:391,(anonymous_21)
FN:399,(anonymous_22)
FN:410,(anonymous_23)
FN:421,(anonymous_24)
FN:432,(anonymous_25)
FN:436,(anonymous_26)
FN:445,(anonymous_27)
FN:458,(anonymous_28)
FN:489,(anonymous_29)
FN:496,(anonymous_30)
FN:508,(anonymous_31)
FN:515,(anonymous_32)
FN:524,(anonymous_33)
FN:532,(anonymous_34)
FN:544,(anonymous_35)
FN:556,(anonymous_36)
FN:567,(anonymous_37)
FN:579,(anonymous_38)
FN:591,(anonymous_39)
FN:615,(anonymous_40)
FN:623,(anonymous_41)
FN:630,(anonymous_42)
FN:637,(anonymous_43)
FN:645,(anonymous_44)
FN:649,(anonymous_45)
FN:658,(anonymous_46)
FN:659,(anonymous_47)
FN:670,(anonymous_48)
FN:685,(anonymous_49)
FN:710,(anonymous_50)
FN:717,(anonymous_51)
FN:727,(anonymous_52)
FN:734,(anonymous_53)
FN:745,(anonymous_54)
FN:757,(anonymous_55)
FN:768,(anonymous_56)
FN:796,(anonymous_57)
FN:803,(anonymous_58)
FN:813,(anonymous_59)
FN:821,(anonymous_60)
FN:832,(anonymous_61)
FN:844,(anonymous_62)
FN:873,(anonymous_63)
FN:880,(anonymous_64)
FN:894,(anonymous_65)
FN:902,(anonymous_66)
FN:910,(anonymous_67)
FNF:64
FNH:0
FNDA:0,ContentEditor
FNDA:0,(anonymous_5)
FNDA:0,(anonymous_6)
FNDA:0,(anonymous_7)
FNDA:0,(anonymous_8)
FNDA:0,(anonymous_9)
FNDA:0,(anonymous_10)
FNDA:0,(anonymous_11)
FNDA:0,(anonymous_12)
FNDA:0,(anonymous_13)
FNDA:0,(anonymous_14)
FNDA:0,(anonymous_15)
FNDA:0,(anonymous_16)
FNDA:0,(anonymous_17)
FNDA:0,(anonymous_18)
FNDA:0,(anonymous_19)
FNDA:0,(anonymous_20)
FNDA:0,(anonymous_21)
FNDA:0,(anonymous_22)
FNDA:0,(anonymous_23)
FNDA:0,(anonymous_24)
FNDA:0,(anonymous_25)
FNDA:0,(anonymous_26)
FNDA:0,(anonymous_27)
FNDA:0,(anonymous_28)
FNDA:0,(anonymous_29)
FNDA:0,(anonymous_30)
FNDA:0,(anonymous_31)
FNDA:0,(anonymous_32)
FNDA:0,(anonymous_33)
FNDA:0,(anonymous_34)
FNDA:0,(anonymous_35)
FNDA:0,(anonymous_36)
FNDA:0,(anonymous_37)
FNDA:0,(anonymous_38)
FNDA:0,(anonymous_39)
FNDA:0,(anonymous_40)
FNDA:0,(anonymous_41)
FNDA:0,(anonymous_42)
FNDA:0,(anonymous_43)
FNDA:0,(anonymous_44)
FNDA:0,(anonymous_45)
FNDA:0,(anonymous_46)
FNDA:0,(anonymous_47)
FNDA:0,(anonymous_48)
FNDA:0,(anonymous_49)
FNDA:0,(anonymous_50)
FNDA:0,(anonymous_51)
FNDA:0,(anonymous_52)
FNDA:0,(anonymous_53)
FNDA:0,(anonymous_54)
FNDA:0,(anonymous_55)
FNDA:0,(anonymous_56)
FNDA:0,(anonymous_57)
FNDA:0,(anonymous_58)
FNDA:0,(anonymous_59)
FNDA:0,(anonymous_60)
FNDA:0,(anonymous_61)
FNDA:0,(anonymous_62)
FNDA:0,(anonymous_63)
FNDA:0,(anonymous_64)
FNDA:0,(anonymous_65)
FNDA:0,(anonymous_66)
FNDA:0,(anonymous_67)
DA:3,0
DA:4,0
DA:5,0
DA:6,0
DA:7,0
DA:8,0
DA:10,0
DA:11,0
DA:12,0
DA:13,0
DA:31,0
DA:43,0
DA:44,0
DA:45,0
DA:46,0
DA:47,0
DA:48,0
DA:49,0
DA:52,0
DA:54,0
DA:55,0
DA:56,0
DA:60,0
DA:61,0
DA:62,0
DA:63,0
DA:64,0
DA:65,0
DA:66,0
DA:68,0
DA:71,0
DA:72,0
DA:74,0
DA:78,0
DA:79,0
DA:80,0
DA:81,0
DA:90,0
DA:91,0
DA:93,0
DA:95,0
DA:98,0
DA:99,0
DA:101,0
DA:105,0
DA:106,0
DA:107,0
DA:108,0
DA:117,0
DA:118,0
DA:120,0
DA:121,0
DA:122,0
DA:123,0
DA:124,0
DA:126,0
DA:127,0
DA:129,0
DA:131,0
DA:134,0
DA:137,0
DA:138,0
DA:140,0
DA:144,0
DA:162,0
DA:173,0
DA:215,0
DA:284,0
DA:292,0
DA:306,0
DA:314,0
DA:328,0
DA:336,0
DA:343,0
DA:365,0
DA:373,0
DA:392,0
DA:400,0
DA:401,0
DA:402,0
DA:411,0
DA:412,0
DA:413,0
DA:422,0
DA:423,0
DA:424,0
DA:433,0
DA:437,0
DA:438,0
DA:439,0
DA:446,0
DA:447,0
DA:448,0
DA:459,0
DA:460,0
DA:461,0
DA:489,0
DA:496,0
DA:508,0
DA:515,0
DA:525,0
DA:533,0
DA:534,0
DA:535,0
DA:545,0
DA:546,0
DA:547,0
DA:557,0
DA:558,0
DA:559,0
DA:568,0
DA:569,0
DA:570,0
DA:580,0
DA:581,0
DA:582,0
DA:592,0
DA:593,0
DA:594,0
DA:616,0
DA:623,0
DA:630,0
DA:637,0
DA:646,0
DA:650,0
DA:651,0
DA:652,0
DA:659,0
DA:660,0
DA:671,0
DA:672,0
DA:685,0
DA:710,0
DA:717,0
DA:728,0
DA:735,0
DA:736,0
DA:737,0
DA:746,0
DA:747,0
DA:748,0
DA:758,0
DA:759,0
DA:760,0
DA:769,0
DA:770,0
DA:771,0
DA:796,0
DA:803,0
DA:814,0
DA:822,0
DA:823,0
DA:824,0
DA:833,0
DA:834,0
DA:835,0
DA:845,0
DA:846,0
DA:847,0
DA:873,0
DA:880,0
DA:894,0
DA:902,0
DA:910,0
LF:164
LH:0
BRDA:55,0,0,0
BRDA:55,0,1,0
BRDA:64,1,0,0
BRDA:64,1,1,0
BRDA:90,2,0,0
BRDA:90,2,1,0
BRDA:93,3,0,0
BRDA:93,3,1,0
BRDA:117,4,0,0
BRDA:117,4,1,0
BRDA:121,5,0,0
BRDA:121,5,1,0
BRDA:144,6,0,0
BRDA:144,6,1,0
BRDA:162,7,0,0
BRDA:162,7,1,0
BRDA:173,8,0,0
BRDA:173,8,1,0
BRDA:223,9,0,0
BRDA:225,10,0,0
BRDA:225,10,1,0
BRDA:230,11,0,0
BRDA:577,12,0,0
BRDA:577,12,1,0
BRDA:680,13,0,0
BRF:25
BRH:0
end_of_record
TN:
SF:components/admin/tenant-settings.tsx
FN:58,TenantSettings
FN:65,(anonymous_2)
FN:66,(anonymous_3)
FN:70,(anonymous_4)
FN:71,(anonymous_5)
FN:72,(anonymous_6)
FN:83,(anonymous_7)
FN:87,(anonymous_8)
FN:113,(anonymous_9)
FN:114,(anonymous_10)
FN:119,(anonymous_11)
FN:199,(anonymous_12)
FN:205,(anonymous_13)
FN:216,(anonymous_14)
FN:222,(anonymous_15)
FN:233,(anonymous_16)
FN:250,(anonymous_17)
FN:277,(anonymous_18)
FN:288,(anonymous_19)
FN:307,(anonymous_20)
FN:323,(anonymous_21)
FN:324,(anonymous_22)
FNF:22
FNH:0
FNDA:0,TenantSettings
FNDA:0,(anonymous_2)
FNDA:0,(anonymous_3)
FNDA:0,(anonymous_4)
FNDA:0,(anonymous_5)
FNDA:0,(anonymous_6)
FNDA:0,(anonymous_7)
FNDA:0,(anonymous_8)
FNDA:0,(anonymous_9)
FNDA:0,(anonymous_10)
FNDA:0,(anonymous_11)
FNDA:0,(anonymous_12)
FNDA:0,(anonymous_13)
FNDA:0,(anonymous_14)
FNDA:0,(anonymous_15)
FNDA:0,(anonymous_16)
FNDA:0,(anonymous_17)
FNDA:0,(anonymous_18)
FNDA:0,(anonymous_19)
FNDA:0,(anonymous_20)
FNDA:0,(anonymous_21)
FNDA:0,(anonymous_22)
DA:3,0
DA:4,0
DA:5,0
DA:6,0
DA:7,0
DA:8,0
DA:9,0
DA:10,0
DA:12,0
DA:13,0
DA:28,0
DA:29,0
DA:37,0
DA:50,0
DA:54,0
DA:58,0
DA:59,0
DA:60,0
DA:61,0
DA:62,0
DA:63,0
DA:65,0
DA:66,0
DA:67,0
DA:70,0
DA:71,0
DA:72,0
DA:79,0
DA:80,0
DA:83,0
DA:84,0
DA:85,0
DA:87,0
DA:89,0
DA:95,0
DA:96,0
DA:98,0
DA:103,0
DA:109,0
DA:113,0
DA:114,0
DA:115,0
DA:119,0
DA:120,0
DA:121,0
DA:124,0
DA:199,0
DA:206,0
DA:216,0
DA:223,0
DA:233,0
DA:250,0
DA:277,0
DA:288,0
DA:308,0
DA:309,0
DA:311,0
DA:323,0
DA:324,0
LF:59
LH:0
BRDA:61,0,0,0
BRDA:61,0,1,0
BRDA:71,1,0,0
BRDA:71,1,1,0
BRDA:114,2,0,0
BRDA:114,2,1,0
BRDA:119,3,0,0
BRDA:119,3,1,0
BRDA:120,4,0,0
BRDA:120,4,1,0
BRDA:140,5,0,0
BRDA:140,5,1,0
BRDA:142,6,0,0
BRDA:142,6,1,0
BRDA:148,7,0,0
BRDA:151,8,0,0
BRDA:328,9,0,0
BRDA:388,10,0,0
BRDA:388,10,1,0
BRF:19
BRH:0
end_of_record
TN:
SF:components/ai/insights-engine.tsx
FN:219,AIInsightsEngine
FN:229,(anonymous_4)
FN:233,(anonymous_5)
FN:256,(anonymous_6)
FN:272,(anonymous_7)
FN:273,(anonymous_8)
FN:273,(anonymous_9)
FN:278,(anonymous_10)
FN:279,(anonymous_11)
FN:279,(anonymous_12)
FN:284,(anonymous_13)
FN:301,(anonymous_14)
FN:316,(anonymous_15)
FN:317,(anonymous_16)
FN:380,(anonymous_17)
FN:392,(anonymous_18)
FN:423,(anonymous_19)
FN:426,(anonymous_20)
FN:467,(anonymous_21)
FN:502,(anonymous_22)
FN:515,(anonymous_23)
FN:526,(anonymous_24)
FN:549,(anonymous_25)
FN:569,(anonymous_26)
FN:585,(anonymous_27)
FNF:25
FNH:0
FNDA:0,AIInsightsEngine
FNDA:0,(anonymous_4)
FNDA:0,(anonymous_5)
FNDA:0,(anonymous_6)
FNDA:0,(anonymous_7)
FNDA:0,(anonymous_8)
FNDA:0,(anonymous_9)
FNDA:0,(anonymous_10)
FNDA:0,(anonymous_11)
FNDA:0,(anonymous_12)
FNDA:0,(anonymous_13)
FNDA:0,(anonymous_14)
FNDA:0,(anonymous_15)
FNDA:0,(anonymous_16)
FNDA:0,(anonymous_17)
FNDA:0,(anonymous_18)
FNDA:0,(anonymous_19)
FNDA:0,(anonymous_20)
FNDA:0,(anonymous_21)
FNDA:0,(anonymous_22)
FNDA:0,(anonymous_23)
FNDA:0,(anonymous_24)
FNDA:0,(anonymous_25)
FNDA:0,(anonymous_26)
FNDA:0,(anonymous_27)
DA:3,0
DA:4,0
DA:5,0
DA:6,0
DA:7,0
DA:8,0
DA:9,0
DA:10,0
DA:35,0
DA:36,0
DA:37,0
DA:80,0
DA:147,0
DA:186,0
DA:219,0
DA:220,0
DA:221,0
DA:223,0
DA:224,0
DA:225,0
DA:226,0
DA:227,0
DA:229,0
DA:230,0
DA:231,0
DA:233,0
DA:236,0
DA:256,0
DA:257,0
DA:262,0
DA:268,0
DA:272,0
DA:273,0
DA:274,0
DA:278,0
DA:279,0
DA:280,0
DA:284,0
DA:285,0
DA:301,0
DA:302,0
DA:304,0
DA:306,0
DA:308,0
DA:310,0
DA:312,0
DA:316,0
DA:317,0
DA:380,0
DA:392,0
DA:424,0
DA:426,0
DA:468,0
DA:469,0
DA:502,0
DA:516,0
DA:526,0
DA:550,0
DA:569,0
DA:586,0
DA:676,0
LF:61
LH:0
BRDA:274,0,0,0
BRDA:274,0,1,0
BRDA:280,1,0,0
BRDA:280,1,1,0
BRDA:302,2,0,0
BRDA:302,2,1,0
BRDA:302,2,2,0
BRDA:302,2,3,0
BRDA:302,2,4,0
BRDA:335,3,0,0
BRDA:425,4,0,0
BRDA:425,4,1,0
BRDA:435,5,0,0
BRDA:435,5,1,0
BRDA:453,6,0,0
BRDA:455,7,0,0
BRDA:455,7,1,0
BRDA:457,8,0,0
BRDA:457,8,1,0
BRDA:462,9,0,0
BRDA:475,10,0,0
BRDA:489,11,0,0
BRDA:511,12,0,0
BRDA:554,13,0,0
BRDA:554,13,1,0
BRDA:555,14,0,0
BRDA:555,14,1,0
BRDA:561,15,0,0
BRDA:610,16,0,0
BRDA:610,16,1,0
BRDA:611,17,0,0
BRDA:611,17,1,0
BRF:32
BRH:0
end_of_record
TN:
SF:components/analytics/advanced-dashboard.tsx
FN:69,AdvancedAnalyticsDashboard
FN:86,(anonymous_4)
FN:90,(anonymous_5)
FN:94,(anonymous_6)
FN:217,(anonymous_7)
FN:235,(anonymous_8)
FN:246,(anonymous_9)
FN:257,(anonymous_10)
FN:278,(anonymous_11)
FN:298,(anonymous_12)
FN:405,(anonymous_13)
FN:546,(anonymous_14)
FNF:12
FNH:0
FNDA:0,AdvancedAnalyticsDashboard
FNDA:0,(anonymous_4)
FNDA:0,(anonymous_5)
FNDA:0,(anonymous_6)
FNDA:0,(anonymous_7)
FNDA:0,(anonymous_8)
FNDA:0,(anonymous_9)
FNDA:0,(anonymous_10)
FNDA:0,(anonymous_11)
FNDA:0,(anonymous_12)
FNDA:0,(anonymous_13)
FNDA:0,(anonymous_14)
DA:3,0
DA:4,0
DA:5,0
DA:6,0
DA:7,0
DA:8,0
DA:27,0
DA:28,0
DA:61,0
DA:69,0
DA:70,0
DA:71,0
DA:72,0
DA:73,0
DA:76,0
DA:86,0
DA:87,0
DA:90,0
DA:91,0
DA:92,0
DA:94,0
DA:96,0
DA:159,0
DA:178,0
DA:205,0
DA:211,0
DA:213,0
DA:217,0
DA:218,0
DA:220,0
DA:227,0
DA:229,0
DA:231,0
DA:235,0
DA:236,0
DA:242,0
DA:246,0
DA:247,0
DA:257,0
DA:258,0
DA:279,0
DA:299,0
DA:406,0
DA:547,0
DA:580,0
LF:45
LH:0
BRDA:69,0,0,0
BRDA:218,1,0,0
BRDA:218,1,1,0
BRDA:218,1,2,0
BRDA:218,1,3,0
BRDA:236,2,0,0
BRDA:286,3,0,0
BRDA:286,3,1,0
BRDA:307,4,0,0
BRDA:311,5,0,0
BRDA:311,5,1,0
BRDA:312,6,0,0
BRDA:312,6,1,0
BRDA:314,7,0,0
BRDA:314,7,1,0
BRDA:364,8,0,0
BRDA:364,8,1,0
BRDA:384,9,0,0
BRDA:384,9,1,0
BRDA:558,10,0,0
BRDA:558,10,1,0
BRDA:559,11,0,0
BRDA:559,11,1,0
BRDA:564,12,0,0
BRF:24
BRH:0
end_of_record
TN:
SF:components/api/webhook-manager.tsx
FN:141,WebhookManager
FN:152,(anonymous_4)
FN:156,(anonymous_5)
FN:267,(anonymous_6)
FN:287,(anonymous_7)
FN:294,(anonymous_8)
FN:295,(anonymous_9)
FN:295,(anonymous_10)
FN:300,(anonymous_11)
FN:301,(anonymous_12)
FN:301,(anonymous_13)
FN:308,(anonymous_14)
FN:321,(anonymous_15)
FN:328,(anonymous_16)
FN:329,(anonymous_17)
FN:329,(anonymous_18)
FN:336,(anonymous_19)
FN:344,(anonymous_20)
FN:432,(anonymous_21)
FN:449,(anonymous_22)
FN:478,(anonymous_23)
FN:485,(anonymous_24)
FN:492,(anonymous_25)
FN:549,(anonymous_26)
FN:567,(anonymous_27)
FN:567,(anonymous_28)
FN:577,(anonymous_29)
FN:585,(anonymous_30)
FN:604,(anonymous_31)
FN:629,(anonymous_32)
FN:683,(anonymous_33)
FN:684,(anonymous_34)
FN:719,WebhookForm
FN:729,(anonymous_36)
FN:741,(anonymous_37)
FN:741,(anonymous_38)
FN:753,(anonymous_39)
FN:753,(anonymous_40)
FN:762,(anonymous_41)
FN:768,(anonymous_42)
FN:770,(anonymous_43)
FN:772,(anonymous_44)
FN:772,(anonymous_45)
FN:787,(anonymous_46)
FN:787,(anonymous_47)
FN:795,(anonymous_48)
FN:795,(anonymous_49)
FN:808,ApiKeyForm
FN:827,(anonymous_51)
FN:839,(anonymous_52)
FN:839,(anonymous_53)
FN:848,(anonymous_54)
FN:854,(anonymous_55)
FN:856,(anonymous_56)
FN:858,(anonymous_57)
FN:858,(anonymous_58)
FN:875,(anonymous_59)
FN:875,(anonymous_60)
FN:885,(anonymous_61)
FN:885,(anonymous_62)
FNF:60
FNH:0
FNDA:0,WebhookManager
FNDA:0,(anonymous_4)
FNDA:0,(anonymous_5)
FNDA:0,(anonymous_6)
FNDA:0,(anonymous_7)
FNDA:0,(anonymous_8)
FNDA:0,(anonymous_9)
FNDA:0,(anonymous_10)
FNDA:0,(anonymous_11)
FNDA:0,(anonymous_12)
FNDA:0,(anonymous_13)
FNDA:0,(anonymous_14)
FNDA:0,(anonymous_15)
FNDA:0,(anonymous_16)
FNDA:0,(anonymous_17)
FNDA:0,(anonymous_18)
FNDA:0,(anonymous_19)
FNDA:0,(anonymous_20)
FNDA:0,(anonymous_21)
FNDA:0,(anonymous_22)
FNDA:0,(anonymous_23)
FNDA:0,(anonymous_24)
FNDA:0,(anonymous_25)
FNDA:0,(anonymous_26)
FNDA:0,(anonymous_27)
FNDA:0,(anonymous_28)
FNDA:0,(anonymous_29)
FNDA:0,(anonymous_30)
FNDA:0,(anonymous_31)
FNDA:0,(anonymous_32)
FNDA:0,(anonymous_33)
FNDA:0,(anonymous_34)
FNDA:0,WebhookForm
FNDA:0,(anonymous_36)
FNDA:0,(anonymous_37)
FNDA:0,(anonymous_38)
FNDA:0,(anonymous_39)
FNDA:0,(anonymous_40)
FNDA:0,(anonymous_41)
FNDA:0,(anonymous_42)
FNDA:0,(anonymous_43)
FNDA:0,(anonymous_44)
FNDA:0,(anonymous_45)
FNDA:0,(anonymous_46)
FNDA:0,(anonymous_47)
FNDA:0,(anonymous_48)
FNDA:0,(anonymous_49)
FNDA:0,ApiKeyForm
FNDA:0,(anonymous_51)
FNDA:0,(anonymous_52)
FNDA:0,(anonymous_53)
FNDA:0,(anonymous_54)
FNDA:0,(anonymous_55)
FNDA:0,(anonymous_56)
FNDA:0,(anonymous_57)
FNDA:0,(anonymous_58)
FNDA:0,(anonymous_59)
FNDA:0,(anonymous_60)
FNDA:0,(anonymous_61)
FNDA:0,(anonymous_62)
DA:3,0
DA:4,0
DA:5,0
DA:6,0
DA:7,0
DA:8,0
DA:10,0
DA:11,0
DA:12,0
DA:13,0
DA:14,0
DA:33,0
DA:34,0
DA:35,0
DA:96,0
DA:108,0
DA:141,0
DA:142,0
DA:143,0
DA:145,0
DA:146,0
DA:147,0
DA:148,0
DA:149,0
DA:150,0
DA:152,0
DA:153,0
DA:156,0
DA:157,0
DA:158,0
DA:160,0
DA:198,0
DA:230,0
DA:253,0
DA:254,0
DA:255,0
DA:257,0
DA:263,0
DA:267,0
DA:268,0
DA:287,0
DA:288,0
DA:294,0
DA:295,0
DA:296,0
DA:300,0
DA:301,0
DA:302,0
DA:308,0
DA:309,0
DA:321,0
DA:322,0
DA:328,0
DA:329,0
DA:330,0
DA:336,0
DA:337,0
DA:338,0
DA:344,0
DA:345,0
DA:433,0
DA:450,0
DA:478,0
DA:485,0
DA:492,0
DA:550,0
DA:567,0
DA:577,0
DA:586,0
DA:604,0
DA:630,0
DA:684,0
DA:685,0
DA:720,0
DA:729,0
DA:730,0
DA:731,0
DA:741,0
DA:753,0
DA:763,0
DA:769,0
DA:770,0
DA:772,0
DA:787,0
DA:795,0
DA:809,0
DA:816,0
DA:827,0
DA:828,0
DA:829,0
DA:839,0
DA:849,0
DA:855,0
DA:856,0
DA:858,0
DA:875,0
DA:885,0
DA:909,0
LF:98
LH:0
BRDA:270,0,0,0
BRDA:270,0,1,0
BRDA:271,1,0,0
BRDA:271,1,1,0
BRDA:272,2,0,0
BRDA:272,2,1,0
BRDA:273,3,0,0
BRDA:273,3,1,0
BRDA:276,4,0,0
BRDA:276,4,1,0
BRDA:296,5,0,0
BRDA:296,5,1,0
BRDA:311,6,0,0
BRDA:311,6,1,0
BRDA:313,7,0,0
BRDA:313,7,1,0
BRDA:317,8,0,0
BRDA:317,8,1,0
BRDA:444,9,0,0
BRDA:444,9,1,0
BRDA:459,10,0,0
BRDA:463,11,0,0
BRDA:463,11,1,0
BRDA:464,12,0,0
BRDA:464,12,1,0
BRDA:480,13,0,0
BRDA:480,13,1,0
BRDA:562,14,0,0
BRDA:562,14,1,0
BRDA:572,15,0,0
BRDA:644,16,0,0
BRDA:690,17,0,0
BRDA:690,17,1,0
BRDA:693,18,0,0
BRDA:769,19,0,0
BRDA:769,19,1,0
BRDA:855,20,0,0
BRDA:855,20,1,0
BRF:38
BRH:0
end_of_record
TN:
SF:components/firm/multi-client-dashboard.tsx
FN:29,MultiClientDashboard
FN:118,(anonymous_2)
FN:238,(anonymous_3)
FN:280,(anonymous_4)
FN:299,(anonymous_5)
FN:325,(anonymous_6)
FN:375,(anonymous_7)
FNF:7
FNH:0
FNDA:0,MultiClientDashboard
FNDA:0,(anonymous_2)
FNDA:0,(anonymous_3)
FNDA:0,(anonymous_4)
FNDA:0,(anonymous_5)
FNDA:0,(anonymous_6)
FNDA:0,(anonymous_7)
DA:3,0
DA:4,0
DA:5,0
DA:6,0
DA:7,0
DA:8,0
DA:9,0
DA:10,0
DA:26,0
DA:29,0
DA:30,0
DA:31,0
DA:34,0
DA:46,0
DA:118,0
DA:119,0
DA:239,0
DA:280,0
DA:300,0
DA:326,0
DA:376,0
LF:21
LH:0
BRDA:119,0,0,0
BRDA:119,0,1,0
BRDA:251,1,0,0
BRDA:251,1,1,0
BRDA:315,2,0,0
BRDA:315,2,1,0
BRDA:333,3,0,0
BRF:7
BRH:0
end_of_record
TN:
SF:components/mobile/approvals.tsx
FN:40,MobileApprovals
FN:179,(anonymous_2)
FN:192,(anonymous_3)
FN:205,(anonymous_4)
FN:264,(anonymous_5)
FN:274,(anonymous_6)
FN:308,(anonymous_7)
FN:331,(anonymous_8)
FN:375,(anonymous_9)
FN:389,(anonymous_10)
FN:417,(anonymous_11)
FN:453,(anonymous_12)
FN:485,(anonymous_13)
FN:511,(anonymous_14)
FNF:14
FNH:0
FNDA:0,MobileApprovals
FNDA:0,(anonymous_2)
FNDA:0,(anonymous_3)
FNDA:0,(anonymous_4)
FNDA:0,(anonymous_5)
FNDA:0,(anonymous_6)
FNDA:0,(anonymous_7)
FNDA:0,(anonymous_8)
FNDA:0,(anonymous_9)
FNDA:0,(anonymous_10)
FNDA:0,(anonymous_11)
FNDA:0,(anonymous_12)
FNDA:0,(anonymous_13)
FNDA:0,(anonymous_14)
DA:3,0
DA:4,0
DA:5,0
DA:6,0
DA:7,0
DA:8,0
DA:9,0
DA:10,0
DA:21,0
DA:22,0
DA:23,0
DA:38,0
DA:40,0
DA:41,0
DA:42,0
DA:43,0
DA:45,0
DA:148,0
DA:167,0
DA:179,0
DA:180,0
DA:182,0
DA:184,0
DA:186,0
DA:188,0
DA:192,0
DA:193,0
DA:195,0
DA:197,0
DA:199,0
DA:201,0
DA:205,0
DA:206,0
DA:265,0
DA:274,0
DA:308,0
DA:331,0
DA:376,0
DA:390,0
DA:418,0
DA:453,0
DA:486,0
DA:512,0
LF:43
LH:0
BRDA:180,0,0,0
BRDA:180,0,1,0
BRDA:180,0,2,0
BRDA:180,0,3,0
BRDA:193,1,0,0
BRDA:193,1,1,0
BRDA:193,1,2,0
BRDA:193,1,3,0
BRDA:270,2,0,0
BRDA:270,2,1,0
BRDA:322,3,0,0
BRDA:327,4,0,0
BRDA:327,4,1,0
BRDA:371,5,0,0
BRDA:393,6,0,0
BRDA:393,6,1,0
BRDA:395,7,0,0
BRDA:395,7,1,0
BRDA:413,8,0,0
BRF:19
BRH:0
end_of_record
TN:
SF:components/mobile/dashboard.tsx
FN:37,MobileDashboard
FN:213,(anonymous_2)
FN:342,(anonymous_3)
FN:347,(anonymous_4)
FN:374,(anonymous_5)
FN:421,(anonymous_6)
FN:496,(anonymous_7)
FN:525,(anonymous_8)
FNF:8
FNH:0
FNDA:0,MobileDashboard
FNDA:0,(anonymous_2)
FNDA:0,(anonymous_3)
FNDA:0,(anonymous_4)
FNDA:0,(anonymous_5)
FNDA:0,(anonymous_6)
FNDA:0,(anonymous_7)
FNDA:0,(anonymous_8)
DA:3,0
DA:4,0
DA:5,0
DA:6,0
DA:7,0
DA:8,0
DA:9,0
DA:16,0
DA:35,0
DA:37,0
DA:38,0
DA:39,0
DA:41,0
DA:52,0
DA:83,0
DA:122,0
DA:152,0
DA:176,0
DA:214,0
DA:343,0
DA:347,0
DA:375,0
DA:422,0
DA:497,0
DA:526,0
LF:25
LH:0
BRDA:218,0,0,0
BRDA:218,0,1,0
BRDA:249,1,0,0
BRDA:381,2,0,0
BRDA:381,2,1,0
BRDA:383,3,0,0
BRDA:383,3,1,0
BRDA:425,4,0,0
BRDA:425,4,1,0
BRDA:427,5,0,0
BRDA:427,5,1,0
BRDA:432,6,0,0
BRDA:435,7,0,0
BRDA:435,7,1,0
BRDA:437,8,0,0
BRDA:437,8,1,0
BRDA:443,9,0,0
BRDA:446,10,0,0
BRDA:446,10,1,0
BRDA:448,11,0,0
BRDA:448,11,1,0
BRDA:454,12,0,0
BRDA:457,13,0,0
BRDA:457,13,1,0
BRDA:459,14,0,0
BRDA:459,14,1,0
BRDA:465,15,0,0
BRDA:468,16,0,0
BRDA:468,16,1,0
BRDA:470,17,0,0
BRDA:470,17,1,0
BRDA:500,18,0,0
BRDA:500,18,1,0
BRDA:502,19,0,0
BRDA:502,19,1,0
BRDA:530,20,0,0
BRDA:530,20,1,0
BRF:37
BRH:0
end_of_record
TN:
SF:components/mobile/expenses.tsx
FN:43,MobileExpenses
FN:46,(anonymous_2)
FN:56,(anonymous_3)
FN:67,(anonymous_4)
FN:193,(anonymous_5)
FN:208,(anonymous_6)
FN:223,(anonymous_7)
FN:224,(anonymous_8)
FN:232,(anonymous_9)
FN:239,(anonymous_10)
FN:250,(anonymous_11)
FN:254,(anonymous_12)
FN:255,(anonymous_13)
FN:314,(anonymous_14)
FN:318,(anonymous_15)
FN:322,(anonymous_16)
FN:326,(anonymous_17)
FN:362,(anonymous_18)
FN:371,(anonymous_19)
FN:371,(anonymous_20)
FN:404,(anonymous_21)
FN:409,(anonymous_22)
FN:428,(anonymous_23)
FN:435,(anonymous_24)
FN:456,(anonymous_25)
FN:464,(anonymous_26)
FN:475,(anonymous_27)
FN:485,(anonymous_28)
FN:491,(anonymous_29)
FN:504,(anonymous_30)
FN:515,(anonymous_31)
FN:522,(anonymous_32)
FN:544,(anonymous_33)
FN:623,(anonymous_34)
FN:688,(anonymous_35)
FN:689,(anonymous_36)
FN:698,(anonymous_37)
FN:699,(anonymous_38)
FN:713,(anonymous_39)
FN:714,(anonymous_40)
FN:716,(anonymous_41)
FNF:41
FNH:0
FNDA:0,MobileExpenses
FNDA:0,(anonymous_2)
FNDA:0,(anonymous_3)
FNDA:0,(anonymous_4)
FNDA:0,(anonymous_5)
FNDA:0,(anonymous_6)
FNDA:0,(anonymous_7)
FNDA:0,(anonymous_8)
FNDA:0,(anonymous_9)
FNDA:0,(anonymous_10)
FNDA:0,(anonymous_11)
FNDA:0,(anonymous_12)
FNDA:0,(anonymous_13)
FNDA:0,(anonymous_14)
FNDA:0,(anonymous_15)
FNDA:0,(anonymous_16)
FNDA:0,(anonymous_17)
FNDA:0,(anonymous_18)
FNDA:0,(anonymous_19)
FNDA:0,(anonymous_20)
FNDA:0,(anonymous_21)
FNDA:0,(anonymous_22)
FNDA:0,(anonymous_23)
FNDA:0,(anonymous_24)
FNDA:0,(anonymous_25)
FNDA:0,(anonymous_26)
FNDA:0,(anonymous_27)
FNDA:0,(anonymous_28)
FNDA:0,(anonymous_29)
FNDA:0,(anonymous_30)
FNDA:0,(anonymous_31)
FNDA:0,(anonymous_32)
FNDA:0,(anonymous_33)
FNDA:0,(anonymous_34)
FNDA:0,(anonymous_35)
FNDA:0,(anonymous_36)
FNDA:0,(anonymous_37)
FNDA:0,(anonymous_38)
FNDA:0,(anonymous_39)
FNDA:0,(anonymous_40)
FNDA:0,(anonymous_41)
DA:3,0
DA:4,0
DA:5,0
DA:6,0
DA:7,0
DA:8,0
DA:9,0
DA:10,0
DA:11,0
DA:12,0
DA:13,0
DA:14,0
DA:15,0
DA:41,0
DA:43,0
DA:44,0
DA:46,0
DA:47,0
DA:53,0
DA:56,0
DA:57,0
DA:64,0
DA:67,0
DA:68,0
DA:69,0
DA:72,0
DA:82,0
DA:95,0
DA:96,0
DA:103,0
DA:115,0
DA:186,0
DA:193,0
DA:194,0
DA:196,0
DA:198,0
DA:200,0
DA:202,0
DA:204,0
DA:208,0
DA:209,0
DA:223,0
DA:224,0
DA:225,0
DA:226,0
DA:232,0
DA:234,0
DA:235,0
DA:238,0
DA:239,0
DA:240,0
DA:250,0
DA:251,0
DA:254,0
DA:255,0
DA:314,0
DA:318,0
DA:322,0
DA:326,0
DA:363,0
DA:371,0
DA:405,0
DA:409,0
DA:428,0
DA:435,0
DA:456,0
DA:464,0
DA:475,0
DA:485,0
DA:492,0
DA:504,0
DA:515,0
DA:522,0
DA:545,0
DA:624,0
DA:688,0
DA:689,0
DA:698,0
DA:699,0
DA:714,0
DA:715,0
DA:716,0
DA:720,0
DA:722,0
LF:84
LH:0
BRDA:194,0,0,0
BRDA:194,0,1,0
BRDA:194,0,2,0
BRDA:194,0,3,0
BRDA:194,0,4,0
BRDA:225,1,0,0
BRDA:225,1,1,0
BRDA:238,2,0,0
BRDA:238,2,1,0
BRDA:251,3,0,0
BRDA:251,3,1,0
BRDA:314,4,0,0
BRDA:314,4,1,0
BRDA:318,5,0,0
BRDA:318,5,1,0
BRDA:322,6,0,0
BRDA:322,6,1,0
BRDA:326,7,0,0
BRDA:326,7,1,0
BRDA:360,8,0,0
BRDA:382,9,0,0
BRDA:382,9,1,0
BRDA:407,10,0,0
BRDA:407,10,1,0
BRDA:569,11,0,0
BRDA:572,12,0,0
BRDA:572,12,1,0
BRDA:619,13,0,0
BRDA:638,14,0,0
BRDA:644,15,0,0
BRDA:689,16,0,0
BRDA:689,16,1,0
BRDA:699,17,0,0
BRDA:699,17,1,0
BRDA:716,18,0,0
BRDA:716,18,1,0
BRDA:720,19,0,0
BRDA:720,19,1,0
BRF:38
BRH:0
end_of_record
TN:
SF:components/mobile/invoice-creation.tsx
FN:26,MobileInvoiceCreation
FN:62,(anonymous_2)
FN:63,(anonymous_3)
FN:67,(anonymous_4)
FN:69,(anonymous_5)
FN:73,(anonymous_6)
FN:75,(anonymous_7)
FN:88,(anonymous_8)
FN:89,(anonymous_9)
FN:92,(anonymous_10)
FN:96,(anonymous_11)
FN:100,(anonymous_12)
FN:142,(anonymous_13)
FN:153,(anonymous_14)
FN:167,(anonymous_15)
FN:199,(anonymous_16)
FN:205,(anonymous_17)
FN:223,(anonymous_18)
FN:231,(anonymous_19)
FN:240,(anonymous_20)
FN:288,(anonymous_21)
FN:296,(anonymous_22)
FN:309,(anonymous_23)
FN:320,(anonymous_24)
FN:332,(anonymous_25)
FN:356,(anonymous_26)
FN:391,(anonymous_27)
FN:404,(anonymous_28)
FN:419,(anonymous_29)
FN:428,(anonymous_30)
FN:442,(anonymous_31)
FN:451,(anonymous_32)
FN:464,(anonymous_33)
FN:473,(anonymous_34)
FN:531,(anonymous_35)
FN:536,(anonymous_36)
FN:623,(anonymous_37)
FN:627,(anonymous_38)
FNF:38
FNH:0
FNDA:0,MobileInvoiceCreation
FNDA:0,(anonymous_2)
FNDA:0,(anonymous_3)
FNDA:0,(anonymous_4)
FNDA:0,(anonymous_5)
FNDA:0,(anonymous_6)
FNDA:0,(anonymous_7)
FNDA:0,(anonymous_8)
FNDA:0,(anonymous_9)
FNDA:0,(anonymous_10)
FNDA:0,(anonymous_11)
FNDA:0,(anonymous_12)
FNDA:0,(anonymous_13)
FNDA:0,(anonymous_14)
FNDA:0,(anonymous_15)
FNDA:0,(anonymous_16)
FNDA:0,(anonymous_17)
FNDA:0,(anonymous_18)
FNDA:0,(anonymous_19)
FNDA:0,(anonymous_20)
FNDA:0,(anonymous_21)
FNDA:0,(anonymous_22)
FNDA:0,(anonymous_23)
FNDA:0,(anonymous_24)
FNDA:0,(anonymous_25)
FNDA:0,(anonymous_26)
FNDA:0,(anonymous_27)
FNDA:0,(anonymous_28)
FNDA:0,(anonymous_29)
FNDA:0,(anonymous_30)
FNDA:0,(anonymous_31)
FNDA:0,(anonymous_32)
FNDA:0,(anonymous_33)
FNDA:0,(anonymous_34)
FNDA:0,(anonymous_35)
FNDA:0,(anonymous_36)
FNDA:0,(anonymous_37)
FNDA:0,(anonymous_38)
DA:3,0
DA:4,0
DA:5,0
DA:6,0
DA:7,0
DA:8,0
DA:9,0
DA:10,0
DA:11,0
DA:12,0
DA:23,0
DA:24,0
DA:26,0
DA:27,0
DA:28,0
DA:46,0
DA:48,0
DA:55,0
DA:62,0
DA:63,0
DA:64,0
DA:67,0
DA:68,0
DA:69,0
DA:73,0
DA:74,0
DA:76,0
DA:77,0
DA:78,0
DA:79,0
DA:81,0
DA:83,0
DA:88,0
DA:89,0
DA:92,0
DA:93,0
DA:96,0
DA:97,0
DA:100,0
DA:101,0
DA:104,0
DA:142,0
DA:153,0
DA:168,0
DA:199,0
DA:206,0
DA:223,0
DA:231,0
DA:240,0
DA:289,0
DA:296,0
DA:309,0
DA:321,0
DA:332,0
DA:356,0
DA:392,0
DA:405,0
DA:419,0
DA:428,0
DA:443,0
DA:444,0
DA:449,0
DA:451,0
DA:465,0
DA:466,0
DA:471,0
DA:473,0
DA:531,0
DA:537,0
DA:623,0
DA:628,0
DA:629,0
LF:72
LH:0
BRDA:68,0,0,0
BRDA:68,0,1,0
BRDA:76,1,0,0
BRDA:76,1,1,0
BRDA:78,2,0,0
BRDA:78,2,1,0
BRDA:78,3,0,0
BRDA:78,3,1,0
BRDA:171,4,0,0
BRDA:171,4,1,0
BRDA:176,5,0,0
BRDA:177,6,0,0
BRDA:177,6,1,0
BRDA:187,7,0,0
BRDA:255,8,0,0
BRDA:273,9,0,0
BRDA:292,10,0,0
BRDA:321,11,0,0
BRDA:321,11,1,0
BRDA:332,12,0,0
BRDA:332,12,1,0
BRDA:343,13,0,0
BRDA:343,13,1,0
BRDA:377,14,0,0
BRDA:392,15,0,0
BRDA:392,15,1,0
BRDA:405,16,0,0
BRDA:405,16,1,0
BRDA:443,17,0,0
BRDA:443,17,1,0
BRDA:465,18,0,0
BRDA:465,18,1,0
BRDA:491,19,0,0
BRDA:508,20,0,0
BRDA:531,21,0,0
BRDA:531,21,1,0
BRDA:539,22,0,0
BRDA:539,22,1,0
BRDA:558,23,0,0
BRDA:572,24,0,0
BRDA:579,25,0,0
BRDA:628,26,0,0
BRDA:628,26,1,0
BRDA:635,27,0,0
BRDA:635,27,1,0
BRF:45
BRH:0
end_of_record
TN:
SF:components/mobile/notifications.tsx
FN:25,MobileNotifications
FN:134,(anonymous_2)
FN:154,(anonymous_3)
FN:169,(anonymous_4)
FN:170,(anonymous_5)
FN:173,(anonymous_6)
FN:174,(anonymous_7)
FN:177,(anonymous_8)
FN:178,(anonymous_9)
FN:181,(anonymous_10)
FN:188,(anonymous_11)
FN:189,(anonymous_12)
FN:228,(anonymous_13)
FN:237,(anonymous_14)
FN:246,(anonymous_15)
FN:261,(anonymous_16)
FN:270,(anonymous_17)
FN:279,(anonymous_18)
FN:288,(anonymous_19)
FN:297,(anonymous_20)
FN:327,(anonymous_21)
FN:350,(anonymous_22)
FN:373,(anonymous_23)
FNF:23
FNH:0
FNDA:0,MobileNotifications
FNDA:0,(anonymous_2)
FNDA:0,(anonymous_3)
FNDA:0,(anonymous_4)
FNDA:0,(anonymous_5)
FNDA:0,(anonymous_6)
FNDA:0,(anonymous_7)
FNDA:0,(anonymous_8)
FNDA:0,(anonymous_9)
FNDA:0,(anonymous_10)
FNDA:0,(anonymous_11)
FNDA:0,(anonymous_12)
FNDA:0,(anonymous_13)
FNDA:0,(anonymous_14)
FNDA:0,(anonymous_15)
FNDA:0,(anonymous_16)
FNDA:0,(anonymous_17)
FNDA:0,(anonymous_18)
FNDA:0,(anonymous_19)
FNDA:0,(anonymous_20)
FNDA:0,(anonymous_21)
FNDA:0,(anonymous_22)
FNDA:0,(anonymous_23)
DA:3,0
DA:4,0
DA:5,0
DA:6,0
DA:7,0
DA:8,0
DA:9,0
DA:10,0
DA:23,0
DA:25,0
DA:26,0
DA:27,0
DA:121,0
DA:134,0
DA:135,0
DA:154,0
DA:155,0
DA:157,0
DA:159,0
DA:161,0
DA:163,0
DA:165,0
DA:169,0
DA:170,0
DA:173,0
DA:174,0
DA:177,0
DA:178,0
DA:181,0
DA:182,0
DA:183,0
DA:184,0
DA:185,0
DA:188,0
DA:189,0
DA:229,0
DA:238,0
DA:247,0
DA:262,0
DA:271,0
DA:280,0
DA:289,0
DA:298,0
DA:328,0
DA:350,0
DA:373,0
LF:46
LH:0
BRDA:135,0,0,0
BRDA:155,1,0,0
BRDA:155,1,1,0
BRDA:155,1,2,0
BRDA:155,1,3,0
BRDA:155,1,4,0
BRDA:170,2,0,0
BRDA:170,2,1,0
BRDA:182,3,0,0
BRDA:182,3,1,0
BRDA:183,4,0,0
BRDA:183,4,1,0
BRDA:184,5,0,0
BRDA:184,5,1,0
BRDA:321,6,0,0
BRDA:321,6,1,0
BRDA:330,7,0,0
BRDA:330,7,1,0
BRDA:339,8,0,0
BRDA:339,8,1,0
BRDA:342,9,0,0
BRDA:361,10,0,0
BRDA:368,11,0,0
BRF:23
BRH:0
end_of_record
TN:
SF:components/pages/accounting/bank-reconciliation.tsx
FN:16,BankReconciliationOverview
FNF:1
FNH:0
FNDA:0,BankReconciliationOverview
DA:3,0
DA:4,0
DA:5,0
DA:6,0
DA:14,0
DA:16,0
LF:6
LH:0
BRF:0
BRH:0
end_of_record
TN:
SF:components/pages/accounting/credit-debit-notes.tsx
FN:16,CreditDebitNotesOverview
FNF:1
FNH:0
FNDA:0,CreditDebitNotesOverview
DA:3,0
DA:4,0
DA:5,0
DA:6,0
DA:14,0
DA:16,0
LF:6
LH:0
BRF:0
BRH:0
end_of_record
TN:
SF:components/pages/accounting/fiscal-periods-table.tsx
FN:17,FiscalPeriodsTable
FN:45,(anonymous_2)
FNF:2
FNH:0
FNDA:0,FiscalPeriodsTable
FNDA:0,(anonymous_2)
DA:4,0
DA:5,0
DA:6,0
DA:7,0
DA:14,0
DA:15,0
DA:17,0
DA:18,0
DA:46,0
LF:9
LH:0
BRDA:52,0,0,0
BRDA:52,0,1,0
BRDA:53,1,0,0
BRDA:53,1,1,0
BRDA:55,2,0,0
BRDA:55,2,1,0
BRDA:61,3,0,0
BRDA:66,4,0,0
BRDA:66,4,1,0
BRDA:67,5,0,0
BRDA:67,5,1,0
BRDA:69,6,0,0
BRDA:69,6,1,0
BRDA:72,7,0,0
BRDA:72,7,1,0
BRDA:80,8,0,0
BRDA:80,8,1,0
BRDA:82,9,0,0
BRDA:82,9,1,0
BRDA:85,10,0,0
BRF:20
BRH:0
end_of_record
TN:
SF:components/pages/accounting/fiscal-year-analytics.tsx
FN:33,FiscalYearAnalytics
FNF:1
FNH:0
FNDA:0,FiscalYearAnalytics
DA:3,0
DA:4,0
DA:13,0
DA:24,0
DA:33,0
LF:5
LH:0
BRF:0
BRH:0
end_of_record
TN:
SF:components/pages/accounting/fiscal-year-management.tsx
FN:49,FiscalYearManagement
FN:53,(anonymous_2)
FN:128,(anonymous_3)
FNF:3
FNH:0
FNDA:0,FiscalYearManagement
FNDA:0,(anonymous_2)
FNDA:0,(anonymous_3)
DA:3,0
DA:4,0
DA:5,0
DA:6,0
DA:17,0
DA:18,0
DA:19,0
DA:20,0
DA:22,0
DA:49,0
DA:50,0
DA:51,0
DA:53,0
DA:54,0
DA:129,0
LF:15
LH:0
BRDA:165,0,0,0
BRF:1
BRH:0
end_of_record
TN:
SF:components/pages/accounting/fiscal-year-settings.tsx
FN:61,FiscalYearSettings
FN:109,(anonymous_5)
FN:116,(anonymous_6)
FN:127,(anonymous_7)
FN:133,(anonymous_8)
FN:134,(anonymous_9)
FN:134,(anonymous_10)
FN:141,(anonymous_11)
FN:142,(anonymous_12)
FN:142,(anonymous_13)
FN:221,(anonymous_14)
FN:221,(anonymous_15)
FN:240,(anonymous_16)
FN:344,(anonymous_17)
FN:344,(anonymous_18)
FN:352,(anonymous_19)
FN:352,(anonymous_20)
FN:362,(anonymous_21)
FN:362,(anonymous_22)
FN:372,(anonymous_23)
FN:372,(anonymous_24)
FN:377,(anonymous_25)
FN:377,(anonymous_26)
FN:382,(anonymous_27)
FN:382,(anonymous_28)
FN:397,(anonymous_29)
FN:397,(anonymous_30)
FN:403,(anonymous_31)
FN:403,(anonymous_32)
FN:408,(anonymous_33)
FN:408,(anonymous_34)
FN:413,(anonymous_35)
FN:413,(anonymous_36)
FN:419,(anonymous_37)
FN:419,(anonymous_38)
FN:426,(anonymous_39)
FN:426,(anonymous_40)
FN:441,(anonymous_41)
FN:441,(anonymous_42)
FN:446,(anonymous_43)
FN:457,(anonymous_44)
FN:482,(anonymous_45)
FN:557,(anonymous_46)
FN:557,(anonymous_47)
FN:565,(anonymous_48)
FN:565,(anonymous_49)
FN:574,(anonymous_50)
FN:574,(anonymous_51)
FN:584,(anonymous_52)
FN:584,(anonymous_53)
FN:589,(anonymous_54)
FN:621,(anonymous_55)
FN:658,(anonymous_56)
FN:743,(anonymous_57)
FN:743,(anonymous_58)
FN:754,(anonymous_59)
FN:754,(anonymous_60)
FN:765,(anonymous_61)
FN:765,(anonymous_62)
FN:776,(anonymous_63)
FN:776,(anonymous_64)
FN:787,(anonymous_65)
FN:787,(anonymous_66)
FN:798,(anonymous_67)
FN:798,(anonymous_68)
FN:816,(anonymous_69)
FN:816,(anonymous_70)
FN:827,(anonymous_71)
FN:827,(anonymous_72)
FN:911,(anonymous_73)
FNF:70
FNH:0
FNDA:0,FiscalYearSettings
FNDA:0,(anonymous_5)
FNDA:0,(anonymous_6)
FNDA:0,(anonymous_7)
FNDA:0,(anonymous_8)
FNDA:0,(anonymous_9)
FNDA:0,(anonymous_10)
FNDA:0,(anonymous_11)
FNDA:0,(anonymous_12)
FNDA:0,(anonymous_13)
FNDA:0,(anonymous_14)
FNDA:0,(anonymous_15)
FNDA:0,(anonymous_16)
FNDA:0,(anonymous_17)
FNDA:0,(anonymous_18)
FNDA:0,(anonymous_19)
FNDA:0,(anonymous_20)
FNDA:0,(anonymous_21)
FNDA:0,(anonymous_22)
FNDA:0,(anonymous_23)
FNDA:0,(anonymous_24)
FNDA:0,(anonymous_25)
FNDA:0,(anonymous_26)
FNDA:0,(anonymous_27)
FNDA:0,(anonymous_28)
FNDA:0,(anonymous_29)
FNDA:0,(anonymous_30)
FNDA:0,(anonymous_31)
FNDA:0,(anonymous_32)
FNDA:0,(anonymous_33)
FNDA:0,(anonymous_34)
FNDA:0,(anonymous_35)
FNDA:0,(anonymous_36)
FNDA:0,(anonymous_37)
FNDA:0,(anonymous_38)
FNDA:0,(anonymous_39)
FNDA:0,(anonymous_40)
FNDA:0,(anonymous_41)
FNDA:0,(anonymous_42)
FNDA:0,(anonymous_43)
FNDA:0,(anonymous_44)
FNDA:0,(anonymous_45)
FNDA:0,(anonymous_46)
FNDA:0,(anonymous_47)
FNDA:0,(anonymous_48)
FNDA:0,(anonymous_49)
FNDA:0,(anonymous_50)
FNDA:0,(anonymous_51)
FNDA:0,(anonymous_52)
FNDA:0,(anonymous_53)
FNDA:0,(anonymous_54)
FNDA:0,(anonymous_55)
FNDA:0,(anonymous_56)
FNDA:0,(anonymous_57)
FNDA:0,(anonymous_58)
FNDA:0,(anonymous_59)
FNDA:0,(anonymous_60)
FNDA:0,(anonymous_61)
FNDA:0,(anonymous_62)
FNDA:0,(anonymous_63)
FNDA:0,(anonymous_64)
FNDA:0,(anonymous_65)
FNDA:0,(anonymous_66)
FNDA:0,(anonymous_67)
FNDA:0,(anonymous_68)
FNDA:0,(anonymous_69)
FNDA:0,(anonymous_70)
FNDA:0,(anonymous_71)
FNDA:0,(anonymous_72)
FNDA:0,(anonymous_73)
DA:3,0
DA:4,0
DA:5,0
DA:6,0
DA:7,0
DA:8,0
DA:9,0
DA:10,0
DA:11,0
DA:12,0
DA:13,0
DA:14,0
DA:15,0
DA:17,0
DA:61,0
DA:62,0
DA:65,0
DA:66,0
DA:67,0
DA:68,0
DA:69,0
DA:72,0
DA:81,0
DA:82,0
DA:83,0
DA:94,0
DA:105,0
DA:109,0
DA:111,0
DA:112,0
DA:113,0
DA:116,0
DA:117,0
DA:118,0
DA:127,0
DA:128,0
DA:129,0
DA:133,0
DA:134,0
DA:135,0
DA:141,0
DA:142,0
DA:143,0
DA:149,0
DA:221,0
DA:222,0
DA:241,0
DA:344,0
DA:352,0
DA:362,0
DA:372,0
DA:377,0
DA:382,0
DA:383,0
DA:397,0
DA:403,0
DA:408,0
DA:413,0
DA:419,0
DA:426,0
DA:441,0
DA:447,0
DA:457,0
DA:483,0
DA:557,0
DA:565,0
DA:574,0
DA:584,0
DA:589,0
DA:622,0
DA:658,0
DA:743,0
DA:754,0
DA:765,0
DA:776,0
DA:787,0
DA:798,0
DA:816,0
DA:827,0
DA:912,0
LF:80
LH:0
BRDA:117,0,0,0
BRDA:117,0,1,0
BRDA:117,1,0,0
BRDA:117,1,1,0
BRDA:117,1,2,0
BRDA:122,2,0,0
BRDA:122,2,1,0
BRDA:135,3,0,0
BRDA:135,3,1,0
BRDA:143,4,0,0
BRDA:143,4,1,0
BRDA:149,5,0,0
BRDA:149,5,1,0
BRDA:507,6,0,0
BRDA:507,6,1,0
BRDA:507,7,0,0
BRDA:507,7,1,0
BRDA:508,8,0,0
BRDA:508,8,1,0
BRDA:632,9,0,0
BRDA:648,10,0,0
BRDA:648,10,1,0
BRDA:648,11,0,0
BRDA:648,11,1,0
BRDA:649,12,0,0
BRDA:649,12,1,0
BRDA:660,13,0,0
BRF:27
BRH:0
end_of_record
TN:
SF:components/pages/accounting/fiscal-year.tsx
FN:223,FiscalYearOverview
FN:231,(anonymous_2)
FN:350,(anonymous_3)
FN:352,(anonymous_4)
FN:353,(anonymous_5)
FN:353,(anonymous_6)
FN:357,(anonymous_7)
FN:367,(anonymous_8)
FN:368,(anonymous_9)
FN:368,(anonymous_10)
FN:372,(anonymous_11)
FN:382,(anonymous_12)
FN:383,(anonymous_13)
FN:383,(anonymous_14)
FN:390,(anonymous_15)
FN:399,(anonymous_16)
FN:425,(anonymous_17)
FN:484,(anonymous_18)
FN:513,(anonymous_19)
FN:561,(anonymous_20)
FN:605,(anonymous_21)
FN:616,(anonymous_22)
FNF:22
FNH:0
FNDA:0,FiscalYearOverview
FNDA:0,(anonymous_2)
FNDA:0,(anonymous_3)
FNDA:0,(anonymous_4)
FNDA:0,(anonymous_5)
FNDA:0,(anonymous_6)
FNDA:0,(anonymous_7)
FNDA:0,(anonymous_8)
FNDA:0,(anonymous_9)
FNDA:0,(anonymous_10)
FNDA:0,(anonymous_11)
FNDA:0,(anonymous_12)
FNDA:0,(anonymous_13)
FNDA:0,(anonymous_14)
FNDA:0,(anonymous_15)
FNDA:0,(anonymous_16)
FNDA:0,(anonymous_17)
FNDA:0,(anonymous_18)
FNDA:0,(anonymous_19)
FNDA:0,(anonymous_20)
FNDA:0,(anonymous_21)
FNDA:0,(anonymous_22)
DA:3,0
DA:4,0
DA:5,0
DA:9,0
DA:10,0
DA:196,0
DA:223,0
DA:224,0
DA:225,0
DA:226,0
DA:227,0
DA:228,0
DA:231,0
DA:232,0
DA:350,0
DA:352,0
DA:353,0
DA:354,0
DA:358,0
DA:367,0
DA:368,0
DA:369,0
DA:373,0
DA:382,0
DA:383,0
DA:384,0
DA:390,0
DA:391,0
DA:392,0
DA:393,0
DA:394,0
DA:395,0
DA:399,0
DA:400,0
DA:425,0
DA:485,0
DA:513,0
DA:562,0
DA:605,0
DA:616,0
LF:40
LH:0
BRDA:354,0,0,0
BRDA:354,0,1,0
BRDA:358,1,0,0
BRDA:358,1,1,0
BRDA:369,2,0,0
BRDA:369,2,1,0
BRDA:373,3,0,0
BRDA:373,3,1,0
BRDA:384,4,0,0
BRDA:384,4,1,0
BRDA:391,5,0,0
BRDA:391,5,1,0
BRDA:391,5,2,0
BRDA:391,5,3,0
BRDA:443,6,0,0
BRDA:491,7,0,0
BRDA:509,8,0,0
BRDA:550,9,0,0
BRDA:566,10,0,0
BRDA:600,11,0,0
BRDA:612,12,0,0
BRF:21
BRH:0
end_of_record
TN:
SF:components/pages/accounting/gl-accounts.tsx
FN:151,GLAccountsTab
FN:155,(anonymous_5)
FN:156,(anonymous_6)
FN:255,(anonymous_7)
FN:276,(anonymous_8)
FN:288,(anonymous_9)
FN:328,(anonymous_10)
FNF:7
FNH:0
FNDA:0,GLAccountsTab
FNDA:0,(anonymous_5)
FNDA:0,(anonymous_6)
FNDA:0,(anonymous_7)
FNDA:0,(anonymous_8)
FNDA:0,(anonymous_9)
FNDA:0,(anonymous_10)
DA:3,0
DA:4,0
DA:5,0
DA:6,0
DA:7,0
DA:8,0
DA:9,0
DA:10,0
DA:11,0
DA:12,0
DA:21,0
DA:26,0
DA:29,0
DA:151,0
DA:152,0
DA:153,0
DA:155,0
DA:156,0
DA:255,0
DA:277,0
DA:288,0
DA:329,0
LF:22
LH:0
BRDA:280,0,0,0
BRDA:280,0,1,0
BRDA:281,1,0,0
BRDA:281,1,1,0
BRDA:286,2,0,0
BRDA:285,3,0,0
BRDA:285,3,1,0
BRDA:289,4,0,0
BRDA:289,4,1,0
BRDA:291,5,0,0
BRDA:291,5,1,0
BRDA:296,6,0,0
BRDA:296,6,1,0
BRDA:300,7,0,0
BRDA:300,7,1,0
BRDA:305,8,0,0
BRDA:305,8,1,0
BRDA:307,9,0,0
BRDA:307,9,1,0
BRDA:314,10,0,0
BRDA:314,10,1,0
BRDA:315,11,0,0
BRDA:315,11,1,0
BRDA:317,12,0,0
BRDA:317,12,1,0
BRDA:321,13,0,0
BRDA:321,13,1,0
BRDA:324,14,0,0
BRDA:324,14,1,0
BRDA:328,15,0,0
BRDA:328,15,1,0
BRDA:328,15,2,0
BRDA:339,16,0,0
BRDA:339,16,1,0
BRDA:340,17,0,0
BRDA:340,17,1,0
BRDA:342,18,0,0
BRDA:342,18,1,0
BRF:38
BRH:0
end_of_record
TN:
SF:components/pages/accounting/journal-entries.tsx
FN:175,JournalEntriesOverview
FN:187,(anonymous_2)
FN:252,(anonymous_3)
FN:263,(anonymous_4)
FN:267,(anonymous_5)
FN:272,(anonymous_6)
FN:274,(anonymous_7)
FN:274,(anonymous_8)
FN:278,(anonymous_9)
FN:279,(anonymous_10)
FN:279,(anonymous_11)
FN:286,(anonymous_12)
FN:287,(anonymous_13)
FN:287,(anonymous_14)
FN:294,(anonymous_15)
FN:304,(anonymous_16)
FN:357,(anonymous_17)
FN:394,(anonymous_18)
FN:434,(anonymous_19)
FN:443,(anonymous_20)
FN:450,(anonymous_21)
FN:462,(anonymous_22)
FN:470,(anonymous_23)
FNF:23
FNH:0
FNDA:0,JournalEntriesOverview
FNDA:0,(anonymous_2)
FNDA:0,(anonymous_3)
FNDA:0,(anonymous_4)
FNDA:0,(anonymous_5)
FNDA:0,(anonymous_6)
FNDA:0,(anonymous_7)
FNDA:0,(anonymous_8)
FNDA:0,(anonymous_9)
FNDA:0,(anonymous_10)
FNDA:0,(anonymous_11)
FNDA:0,(anonymous_12)
FNDA:0,(anonymous_13)
FNDA:0,(anonymous_14)
FNDA:0,(anonymous_15)
FNDA:0,(anonymous_16)
FNDA:0,(anonymous_17)
FNDA:0,(anonymous_18)
FNDA:0,(anonymous_19)
FNDA:0,(anonymous_20)
FNDA:0,(anonymous_21)
FNDA:0,(anonymous_22)
FNDA:0,(anonymous_23)
DA:3,0
DA:4,0
DA:5,0
DA:6,0
DA:9,0
DA:10,0
DA:11,0
DA:145,0
DA:175,0
DA:176,0
DA:177,0
DA:178,0
DA:179,0
DA:180,0
DA:181,0
DA:182,0
DA:183,0
DA:184,0
DA:187,0
DA:188,0
DA:252,0
DA:253,0
DA:257,0
DA:258,0
DA:260,0
DA:263,0
DA:264,0
DA:267,0
DA:268,0
DA:269,0
DA:272,0
DA:273,0
DA:274,0
DA:278,0
DA:279,0
DA:280,0
DA:286,0
DA:287,0
DA:288,0
DA:294,0
DA:295,0
DA:296,0
DA:297,0
DA:298,0
DA:299,0
DA:300,0
DA:304,0
DA:305,0
DA:357,0
DA:395,0
DA:434,0
DA:443,0
DA:450,0
DA:462,0
DA:470,0
LF:55
LH:0
BRDA:253,0,0,0
BRDA:253,0,1,0
BRDA:253,0,2,0
BRDA:257,1,0,0
BRDA:257,1,1,0
BRDA:258,2,0,0
BRDA:258,2,1,0
BRDA:260,3,0,0
BRDA:260,3,1,0
BRDA:260,3,2,0
BRDA:273,4,0,0
BRDA:273,4,1,0
BRDA:280,5,0,0
BRDA:280,5,1,0
BRDA:288,6,0,0
BRDA:288,6,1,0
BRDA:295,7,0,0
BRDA:295,7,1,0
BRDA:295,7,2,0
BRDA:295,7,3,0
BRDA:295,7,4,0
BRDA:424,8,0,0
BRDA:438,9,0,0
BRDA:457,10,0,0
BRF:24
BRH:0
end_of_record
TN:
SF:components/pages/accounting/overview.tsx
FN:50,AccountingOverview
FN:55,(anonymous_2)
FN:59,(anonymous_3)
FN:201,(anonymous_4)
FN:209,(anonymous_5)
FN:217,(anonymous_6)
FN:225,(anonymous_7)
FNF:7
FNH:0
FNDA:0,AccountingOverview
FNDA:0,(anonymous_2)
FNDA:0,(anonymous_3)
FNDA:0,(anonymous_4)
FNDA:0,(anonymous_5)
FNDA:0,(anonymous_6)
FNDA:0,(anonymous_7)
DA:3,0
DA:4,0
DA:6,0
DA:7,0
DA:24,0
DA:25,0
DA:26,0
DA:27,0
DA:28,0
DA:29,0
DA:30,0
DA:31,0
DA:32,0
DA:35,0
DA:50,0
DA:51,0
DA:52,0
DA:53,0
DA:55,0
DA:56,0
DA:57,0
DA:59,0
DA:62,0
DA:67,0
DA:68,0
DA:74,0
DA:201,0
DA:209,0
DA:217,0
DA:227,0
LF:30
LH:0
BRDA:93,0,0,0
BRDA:93,0,1,0
BRDA:94,1,0,0
BRDA:94,1,1,0
BRF:4
BRH:0
end_of_record
TN:
SF:components/pages/accounting/petty-cash-form.tsx
FN:28,PettyCashForm
FN:36,(anonymous_2)
FN:37,(anonymous_3)
FN:40,(anonymous_4)
FN:41,(anonymous_5)
FN:41,(anonymous_6)
FN:44,(anonymous_7)
FN:94,(anonymous_8)
FN:200,(anonymous_9)
FN:212,(anonymous_10)
FNF:10
FNH:0
FNDA:0,PettyCashForm
FNDA:0,(anonymous_2)
FNDA:0,(anonymous_3)
FNDA:0,(anonymous_4)
FNDA:0,(anonymous_5)
FNDA:0,(anonymous_6)
FNDA:0,(anonymous_7)
FNDA:0,(anonymous_8)
FNDA:0,(anonymous_9)
FNDA:0,(anonymous_10)
DA:3,0
DA:4,0
DA:5,0
DA:6,0
DA:7,0
DA:8,0
DA:9,0
DA:17,0
DA:19,0
DA:20,0
DA:21,0
DA:28,0
DA:29,0
DA:30,0
DA:31,0
DA:32,0
DA:34,0
DA:36,0
DA:37,0
DA:40,0
DA:41,0
DA:44,0
DA:45,0
DA:46,0
DA:47,0
DA:48,0
DA:49,0
DA:94,0
DA:201,0
DA:212,0
LF:30
LH:0
BRDA:45,0,0,0
BRDA:45,0,1,0
BRDA:65,1,0,0
BRDA:95,2,0,0
BRDA:95,2,1,0
BRDA:188,3,0,0
BRDA:196,4,0,0
BRF:7
BRH:0
end_of_record
TN:
SF:components/pages/accounting/petty-cash.tsx
FN:133,PettyCashTab
FN:141,(anonymous_2)
FN:151,(anonymous_3)
FN:162,(anonymous_4)
FN:179,(anonymous_5)
FN:182,(anonymous_6)
FN:186,(anonymous_7)
FN:187,(anonymous_8)
FN:187,(anonymous_9)
FN:190,(anonymous_10)
FN:208,(anonymous_11)
FN:248,(anonymous_12)
FN:252,(anonymous_13)
FN:256,(anonymous_14)
FN:260,(anonymous_15)
FN:288,(anonymous_16)
FN:369,(anonymous_17)
FN:451,(anonymous_18)
FNF:18
FNH:0
FNDA:0,PettyCashTab
FNDA:0,(anonymous_2)
FNDA:0,(anonymous_3)
FNDA:0,(anonymous_4)
FNDA:0,(anonymous_5)
FNDA:0,(anonymous_6)
FNDA:0,(anonymous_7)
FNDA:0,(anonymous_8)
FNDA:0,(anonymous_9)
FNDA:0,(anonymous_10)
FNDA:0,(anonymous_11)
FNDA:0,(anonymous_12)
FNDA:0,(anonymous_13)
FNDA:0,(anonymous_14)
FNDA:0,(anonymous_15)
FNDA:0,(anonymous_16)
FNDA:0,(anonymous_17)
FNDA:0,(anonymous_18)
DA:3,0
DA:4,0
DA:5,0
DA:6,0
DA:7,0
DA:8,0
DA:9,0
DA:10,0
DA:11,0
DA:20,0
DA:21,0
DA:22,0
DA:23,0
DA:24,0
DA:27,0
DA:51,0
DA:133,0
DA:134,0
DA:135,0
DA:136,0
DA:137,0
DA:138,0
DA:139,0
DA:141,0
DA:142,0
DA:148,0
DA:151,0
DA:152,0
DA:159,0
DA:162,0
DA:163,0
DA:164,0
DA:167,0
DA:179,0
DA:180,0
DA:181,0
DA:182,0
DA:186,0
DA:187,0
DA:190,0
DA:191,0
DA:192,0
DA:193,0
DA:194,0
DA:195,0
DA:208,0
DA:248,0
DA:252,0
DA:256,0
DA:260,0
DA:289,0
DA:370,0
DA:451,0
LF:53
LH:0
BRDA:180,0,0,0
BRDA:180,0,1,0
BRDA:191,1,0,0
BRDA:191,1,1,0
BRDA:248,2,0,0
BRDA:248,2,1,0
BRDA:252,3,0,0
BRDA:252,3,1,0
BRDA:256,4,0,0
BRDA:256,4,1,0
BRDA:260,5,0,0
BRDA:260,5,1,0
BRDA:293,6,0,0
BRDA:293,6,1,0
BRF:14
BRH:0
end_of_record
TN:
SF:components/pages/accounting/settings.tsx
FN:28,SettingsPage
FN:60,(anonymous_5)
FN:66,(anonymous_6)
FN:77,(anonymous_7)
FN:83,(anonymous_8)
FN:84,(anonymous_9)
FN:84,(anonymous_10)
FN:165,(anonymous_11)
FN:165,(anonymous_12)
FN:173,(anonymous_13)
FN:173,(anonymous_14)
FN:183,(anonymous_15)
FN:183,(anonymous_16)
FN:193,(anonymous_17)
FN:193,(anonymous_18)
FN:198,(anonymous_19)
FN:198,(anonymous_20)
FN:203,(anonymous_21)
FN:203,(anonymous_22)
FN:216,(anonymous_23)
FN:216,(anonymous_24)
FN:231,(anonymous_25)
FN:231,(anonymous_26)
FN:236,(anonymous_27)
FN:247,(anonymous_28)
FN:272,(anonymous_29)
FN:347,(anonymous_30)
FN:347,(anonymous_31)
FN:355,(anonymous_32)
FN:355,(anonymous_33)
FN:364,(anonymous_34)
FN:364,(anonymous_35)
FN:374,(anonymous_36)
FN:374,(anonymous_37)
FN:379,(anonymous_38)
FN:411,(anonymous_39)
FN:448,(anonymous_40)
FNF:37
FNH:0
FNDA:0,SettingsPage
FNDA:0,(anonymous_5)
FNDA:0,(anonymous_6)
FNDA:0,(anonymous_7)
FNDA:0,(anonymous_8)
FNDA:0,(anonymous_9)
FNDA:0,(anonymous_10)
FNDA:0,(anonymous_11)
FNDA:0,(anonymous_12)
FNDA:0,(anonymous_13)
FNDA:0,(anonymous_14)
FNDA:0,(anonymous_15)
FNDA:0,(anonymous_16)
FNDA:0,(anonymous_17)
FNDA:0,(anonymous_18)
FNDA:0,(anonymous_19)
FNDA:0,(anonymous_20)
FNDA:0,(anonymous_21)
FNDA:0,(anonymous_22)
FNDA:0,(anonymous_23)
FNDA:0,(anonymous_24)
FNDA:0,(anonymous_25)
FNDA:0,(anonymous_26)
FNDA:0,(anonymous_27)
FNDA:0,(anonymous_28)
FNDA:0,(anonymous_29)
FNDA:0,(anonymous_30)
FNDA:0,(anonymous_31)
FNDA:0,(anonymous_32)
FNDA:0,(anonymous_33)
FNDA:0,(anonymous_34)
FNDA:0,(anonymous_35)
FNDA:0,(anonymous_36)
FNDA:0,(anonymous_37)
FNDA:0,(anonymous_38)
FNDA:0,(anonymous_39)
FNDA:0,(anonymous_40)
DA:3,0
DA:4,0
DA:5,0
DA:6,0
DA:7,0
DA:8,0
DA:9,0
DA:10,0
DA:11,0
DA:12,0
DA:13,0
DA:14,0
DA:15,0
DA:16,0
DA:28,0
DA:29,0
DA:32,0
DA:33,0
DA:34,0
DA:37,0
DA:46,0
DA:47,0
DA:49,0
DA:60,0
DA:61,0
DA:62,0
DA:63,0
DA:66,0
DA:67,0
DA:68,0
DA:77,0
DA:78,0
DA:79,0
DA:83,0
DA:84,0
DA:85,0
DA:91,0
DA:165,0
DA:173,0
DA:183,0
DA:193,0
DA:198,0
DA:203,0
DA:204,0
DA:216,0
DA:231,0
DA:237,0
DA:247,0
DA:273,0
DA:347,0
DA:355,0
DA:364,0
DA:374,0
DA:379,0
DA:412,0
DA:448,0
LF:56
LH:0
BRDA:67,0,0,0
BRDA:67,0,1,0
BRDA:67,1,0,0
BRDA:67,1,1,0
BRDA:67,1,2,0
BRDA:72,2,0,0
BRDA:72,2,1,0
BRDA:85,3,0,0
BRDA:85,3,1,0
BRDA:91,4,0,0
BRDA:91,4,1,0
BRDA:297,5,0,0
BRDA:297,5,1,0
BRDA:297,6,0,0
BRDA:297,6,1,0
BRDA:298,7,0,0
BRDA:298,7,1,0
BRDA:422,8,0,0
BRDA:438,9,0,0
BRDA:438,9,1,0
BRDA:438,10,0,0
BRDA:438,10,1,0
[...]
FNDA:0,useAuth
DA:3,0
DA:36,0
DA:39,0
DA:116,0
DA:117,0
DA:118,0
DA:119,0
DA:120,0
DA:121,0
DA:123,0
DA:125,0
DA:126,0
DA:127,0
DA:131,0
DA:132,0
DA:133,0
DA:134,0
DA:135,0
DA:138,0
DA:140,0
DA:141,0
DA:142,0
DA:152,0
DA:156,0
DA:159,0
DA:160,0
DA:161,0
DA:163,0
DA:164,0
DA:173,0
DA:175,0
DA:176,0
DA:179,0
DA:180,0
DA:181,0
DA:183,0
DA:184,0
DA:185,0
DA:187,0
DA:191,0
DA:192,0
DA:193,0
DA:195,0
DA:196,0
DA:205,0
DA:207,0
DA:208,0
DA:211,0
DA:212,0
DA:213,0
DA:215,0
DA:216,0
DA:217,0
DA:219,0
DA:223,0
DA:224,0
DA:225,0
DA:230,0
DA:232,0
DA:233,0
DA:234,0
DA:235,0
DA:239,0
DA:240,0
DA:243,0
DA:246,0
DA:247,0
DA:250,0
DA:251,0
DA:252,0
DA:255,0
DA:256,0
DA:259,0
DA:260,0
DA:263,0
DA:264,0
DA:288,0
DA:289,0
DA:290,0
DA:291,0
DA:293,0
LF:81
LH:0
BRDA:131,0,0,0
BRDA:131,0,1,0
BRDA:141,1,0,0
BRDA:141,1,1,0
BRDA:148,2,0,0
BRDA:148,2,1,0
BRDA:175,3,0,0
BRDA:175,3,1,0
BRDA:176,4,0,0
BRDA:176,4,1,0
BRDA:183,5,0,0
BRDA:183,5,1,0
BRDA:207,6,0,0
BRDA:207,6,1,0
BRDA:208,7,0,0
BRDA:208,7,1,0
BRDA:215,8,0,0
BRDA:215,8,1,0
BRDA:240,9,0,0
BRDA:240,9,1,0
BRDA:243,10,0,0
BRDA:243,10,1,0
BRDA:246,11,0,0
BRDA:246,11,1,0
BRDA:247,12,0,0
BRDA:247,12,1,0
BRDA:247,13,0,0
BRDA:247,13,1,0
BRDA:251,14,0,0
BRDA:251,14,1,0
BRDA:252,15,0,0
BRDA:252,15,1,0
BRDA:252,16,0,0
BRDA:252,16,1,0
BRDA:260,17,0,0
BRDA:260,17,1,0
BRDA:290,18,0,0
BRDA:290,18,1,0
BRF:38
BRH:0
end_of_record
TN:
SF:hooks/use-content.tsx
FN:57,useContent
FN:66,(anonymous_4)
FN:102,(anonymous_5)
FN:130,(anonymous_6)
FN:154,(anonymous_7)
FN:176,(anonymous_8)
FN:176,(anonymous_9)
FN:202,(anonymous_10)
FN:220,(anonymous_11)
FN:220,(anonymous_12)
FN:244,(anonymous_13)
FN:270,(anonymous_14)
FN:294,(anonymous_15)
FN:319,(anonymous_16)
FN:319,(anonymous_17)
FN:345,(anonymous_18)
FN:346,(anonymous_19)
FN:358,(anonymous_20)
FN:359,(anonymous_21)
FN:363,(anonymous_22)
FN:364,(anonymous_23)
FN:368,(anonymous_24)
FN:369,(anonymous_25)
FN:373,(anonymous_26)
FN:374,(anonymous_27)
FN:380,(anonymous_28)
FN:398,(anonymous_29)
FN:429,(anonymous_30)
FN:430,(anonymous_31)
FN:431,(anonymous_32)
FN:432,(anonymous_33)
FNF:31
FNH:0
FNDA:0,useContent
FNDA:0,(anonymous_4)
FNDA:0,(anonymous_5)
FNDA:0,(anonymous_6)
FNDA:0,(anonymous_7)
FNDA:0,(anonymous_8)
FNDA:0,(anonymous_9)
FNDA:0,(anonymous_10)
FNDA:0,(anonymous_11)
FNDA:0,(anonymous_12)
FNDA:0,(anonymous_13)
FNDA:0,(anonymous_14)
FNDA:0,(anonymous_15)
FNDA:0,(anonymous_16)
FNDA:0,(anonymous_17)
FNDA:0,(anonymous_18)
FNDA:0,(anonymous_19)
FNDA:0,(anonymous_20)
FNDA:0,(anonymous_21)
FNDA:0,(anonymous_22)
FNDA:0,(anonymous_23)
FNDA:0,(anonymous_24)
FNDA:0,(anonymous_25)
FNDA:0,(anonymous_26)
FNDA:0,(anonymous_27)
FNDA:0,(anonymous_28)
FNDA:0,(anonymous_29)
FNDA:0,(anonymous_30)
FNDA:0,(anonymous_31)
FNDA:0,(anonymous_32)
FNDA:0,(anonymous_33)
DA:3,0
DA:4,0
DA:5,0
DA:57,0
DA:58,0
DA:59,0
DA:61,0
DA:62,0
DA:63,0
DA:66,0
DA:67,0
DA:69,0
DA:70,0
DA:72,0
DA:73,0
DA:74,0
DA:75,0
DA:76,0
DA:77,0
DA:78,0
DA:80,0
DA:82,0
DA:83,0
DA:86,0
DA:87,0
DA:89,0
DA:90,0
DA:91,0
DA:97,0
DA:102,0
DA:103,0
DA:105,0
DA:106,0
DA:108,0
DA:109,0
DA:123,0
DA:124,0
DA:127,0
DA:129,0
DA:130,0
DA:131,0
DA:135,0
DA:137,0
DA:140,0
DA:141,0
DA:142,0
DA:147,0
DA:149,0
DA:154,0
DA:155,0
DA:157,0
DA:158,0
DA:160,0
DA:161,0
DA:169,0
DA:170,0
DA:173,0
DA:175,0
DA:176,0
DA:177,0
DA:179,0
DA:183,0
DA:185,0
DA:188,0
DA:189,0
DA:190,0
DA:195,0
DA:197,0
DA:202,0
DA:203,0
DA:205,0
DA:206,0
DA:208,0
DA:209,0
DA:213,0
DA:214,0
DA:217,0
DA:219,0
DA:220,0
DA:221,0
DA:225,0
DA:227,0
DA:230,0
DA:231,0
DA:232,0
DA:237,0
DA:239,0
DA:244,0
DA:245,0
DA:247,0
DA:248,0
DA:250,0
DA:251,0
DA:263,0
DA:264,0
DA:267,0
DA:269,0
DA:270,0
DA:271,0
DA:275,0
DA:277,0
DA:280,0
DA:281,0
DA:282,0
DA:287,0
DA:289,0
DA:294,0
DA:295,0
DA:297,0
DA:298,0
DA:300,0
DA:301,0
DA:312,0
DA:313,0
DA:316,0
DA:318,0
DA:319,0
DA:320,0
DA:322,0
DA:326,0
DA:328,0
DA:331,0
DA:332,0
DA:333,0
DA:338,0
DA:340,0
DA:345,0
DA:346,0
DA:347,0
DA:349,0
DA:358,0
DA:359,0
DA:363,0
DA:364,0
DA:368,0
DA:369,0
DA:373,0
DA:374,0
DA:375,0
DA:380,0
DA:381,0
DA:383,0
DA:386,0
DA:389,0
DA:390,0
DA:391,0
DA:392,0
DA:394,0
DA:398,0
DA:399,0
DA:400,0
DA:404,0
DA:429,0
DA:430,0
DA:431,0
DA:433,0
DA:438,0
LF:157
LH:0
BRDA:67,0,0,0
BRDA:67,0,1,0
BRDA:67,1,0,0
BRDA:67,1,1,0
BRDA:74,2,0,0
BRDA:74,2,1,0
BRDA:75,3,0,0
BRDA:75,3,1,0
BRDA:76,4,0,0
BRDA:76,4,1,0
BRDA:77,5,0,0
BRDA:77,5,1,0
BRDA:78,6,0,0
BRDA:78,6,1,0
BRDA:82,7,0,0
BRDA:82,7,1,0
BRDA:87,8,0,0
BRDA:87,8,1,0
BRDA:89,9,0,0
BRDA:89,9,1,0
BRDA:103,10,0,0
BRDA:103,10,1,0
BRDA:103,11,0,0
BRDA:103,11,1,0
BRDA:123,12,0,0
BRDA:123,12,1,0
BRDA:129,13,0,0
BRDA:129,13,1,0
BRDA:137,14,0,0
BRDA:137,14,1,0
BRDA:140,15,0,0
BRDA:140,15,1,0
BRDA:155,16,0,0
BRDA:155,16,1,0
BRDA:155,17,0,0
BRDA:155,17,1,0
BRDA:169,18,0,0
BRDA:169,18,1,0
BRDA:175,19,0,0
BRDA:175,19,1,0
BRDA:177,20,0,0
BRDA:177,20,1,0
BRDA:185,21,0,0
BRDA:185,21,1,0
BRDA:188,22,0,0
BRDA:188,22,1,0
BRDA:203,23,0,0
BRDA:203,23,1,0
BRDA:203,24,0,0
BRDA:203,24,1,0
BRDA:213,25,0,0
BRDA:213,25,1,0
BRDA:219,26,0,0
BRDA:219,26,1,0
BRDA:227,27,0,0
BRDA:227,27,1,0
BRDA:230,28,0,0
BRDA:230,28,1,0
BRDA:245,29,0,0
BRDA:245,29,1,0
BRDA:245,30,0,0
BRDA:245,30,1,0
BRDA:263,31,0,0
BRDA:263,31,1,0
BRDA:269,32,0,0
BRDA:269,32,1,0
BRDA:277,33,0,0
BRDA:277,33,1,0
BRDA:280,34,0,0
BRDA:280,34,1,0
BRDA:295,35,0,0
BRDA:295,35,1,0
BRDA:295,36,0,0
BRDA:295,36,1,0
BRDA:312,37,0,0
BRDA:312,37,1,0
BRDA:318,38,0,0
BRDA:318,38,1,0
BRDA:320,39,0,0
BRDA:320,39,1,0
BRDA:328,40,0,0
BRDA:328,40,1,0
BRDA:331,41,0,0
BRDA:331,41,1,0
BRDA:347,42,0,0
BRDA:347,42,1,0
BRDA:375,43,0,0
BRDA:375,43,1,0
BRDA:381,44,0,0
BRDA:381,44,1,0
BRDA:386,45,0,0
BRDA:386,45,1,0
BRDA:386,46,0,0
BRDA:386,46,1,0
BRDA:389,47,0,0
BRDA:389,47,1,0
BRDA:390,48,0,0
BRDA:390,48,1,0
BRDA:390,49,0,0
BRDA:390,49,1,0
BRDA:391,50,0,0
BRDA:391,50,1,0
BRDA:391,51,0,0
BRDA:391,51,1,0
BRDA:392,52,0,0
BRDA:392,52,1,0
BRDA:392,53,0,0
BRDA:392,53,1,0
BRDA:399,54,0,0
BRDA:399,54,1,0
BRDA:399,55,0,0
BRDA:399,55,1,0
BRDA:433,56,0,0
BRDA:433,56,1,0
BRF:114
BRH:0
end_of_record
TN:
SF:hooks/use-currency.tsx
FN:46,useCurrency
FN:54,(anonymous_4)
FN:55,(anonymous_5)
FN:87,(anonymous_6)
FN:133,(anonymous_7)
FN:168,(anonymous_8)
FN:210,(anonymous_9)
FN:231,(anonymous_10)
FN:235,(anonymous_11)
FNF:9
FNH:0
FNDA:0,useCurrency
FNDA:0,(anonymous_4)
FNDA:0,(anonymous_5)
FNDA:0,(anonymous_6)
FNDA:0,(anonymous_7)
FNDA:0,(anonymous_8)
FNDA:0,(anonymous_9)
FNDA:0,(anonymous_10)
FNDA:0,(anonymous_11)
DA:3,0
DA:12,0
DA:31,0
DA:46,0
DA:47,0
DA:48,0
DA:49,0
DA:50,0
DA:51,0
DA:54,0
DA:55,0
DA:56,0
DA:57,0
DA:58,0
DA:61,0
DA:63,0
DA:64,0
DA:65,0
DA:66,0
DA:69,0
DA:70,0
DA:71,0
DA:74,0
DA:75,0
DA:77,0
DA:78,0
DA:80,0
DA:84,0
DA:87,0
DA:88,0
DA:90,0
DA:94,0
DA:95,0
DA:96,0
DA:98,0
DA:106,0
DA:109,0
DA:111,0
DA:115,0
DA:116,0
DA:117,0
DA:119,0
DA:127,0
DA:130,0
DA:133,0
DA:134,0
DA:135,0
DA:138,0
DA:162,0
DA:164,0
DA:168,0
DA:177,0
DA:178,0
DA:180,0
DA:184,0
DA:186,0
DA:190,0
DA:193,0
DA:199,0
DA:200,0
DA:201,0
DA:202,0
DA:203,0
DA:204,0
DA:206,0
DA:210,0
DA:218,0
DA:221,0
DA:227,0
DA:228,0
DA:231,0
DA:232,0
DA:235,0
DA:236,0
DA:239,0
LF:75
LH:0
BRDA:63,0,0,0
BRDA:63,0,1,0
BRDA:94,1,0,0
BRDA:94,1,1,0
BRDA:96,2,0,0
BRDA:96,2,1,0
BRDA:115,3,0,0
BRDA:115,3,1,0
BRDA:117,4,0,0
BRDA:117,4,1,0
BRDA:162,5,0,0
BRDA:162,5,1,0
BRDA:177,6,0,0
BRDA:177,6,1,0
BRDA:178,7,0,0
BRDA:178,7,1,0
BRDA:180,8,0,0
BRDA:180,9,0,0
BRDA:180,10,0,0
BRDA:180,11,0,0
BRDA:180,11,1,0
BRDA:184,12,0,0
BRDA:184,12,1,0
BRDA:184,13,0,0
BRDA:184,13,1,0
BRDA:199,14,0,0
BRDA:199,14,1,0
BRDA:199,15,0,0
BRDA:199,15,1,0
BRDA:201,16,0,0
BRDA:201,16,1,0
BRDA:203,17,0,0
BRDA:203,17,1,0
BRDA:218,18,0,0
BRDA:218,18,1,0
BRDA:227,19,0,0
BRDA:227,19,1,0
BRDA:236,20,0,0
BRDA:236,20,1,0
BRF:39
BRH:0
end_of_record
TN:
SF:hooks/use-mobile.tsx
FN:5,useIsMobile
FN:8,(anonymous_5)
FN:10,(anonymous_6)
FN:15,(anonymous_7)
FNF:4
FNH:0
FNDA:0,useIsMobile
FNDA:0,(anonymous_5)
FNDA:0,(anonymous_6)
FNDA:0,(anonymous_7)
DA:1,0
DA:3,0
DA:5,0
DA:6,0
DA:8,0
DA:9,0
DA:10,0
DA:11,0
DA:13,0
DA:14,0
DA:15,0
DA:18,0
LF:12
LH:0
BRF:0
BRH:0
end_of_record
TN:
SF:hooks/use-organization.tsx
FN:404,OrganizationProvider
FN:412,(anonymous_4)
FN:413,(anonymous_5)
FN:417,(anonymous_6)
FN:429,(anonymous_7)
FN:431,(anonymous_8)
FN:435,(anonymous_9)
FN:445,(anonymous_10)
FN:467,(anonymous_11)
FN:469,(anonymous_12)
FN:470,(anonymous_13)
FN:474,(anonymous_14)
FN:488,(anonymous_15)
FN:499,(anonymous_16)
FN:501,(anonymous_17)
FN:502,(anonymous_18)
FN:506,(anonymous_19)
FN:520,(anonymous_20)
FN:532,(anonymous_21)
FN:542,(anonymous_22)
FN:560,(anonymous_23)
FN:569,(anonymous_24)
FN:579,(anonymous_25)
FN:605,(anonymous_26)
FN:607,(anonymous_27)
FN:634,(anonymous_28)
FN:638,(anonymous_29)
FN:644,(anonymous_30)
FN:651,(anonymous_31)
FN:660,(anonymous_32)
FN:699,useOrganization
FNF:31
FNH:0
FNDA:0,OrganizationProvider
FNDA:0,(anonymous_4)
FNDA:0,(anonymous_5)
FNDA:0,(anonymous_6)
FNDA:0,(anonymous_7)
FNDA:0,(anonymous_8)
FNDA:0,(anonymous_9)
FNDA:0,(anonymous_10)
FNDA:0,(anonymous_11)
FNDA:0,(anonymous_12)
FNDA:0,(anonymous_13)
FNDA:0,(anonymous_14)
FNDA:0,(anonymous_15)
FNDA:0,(anonymous_16)
FNDA:0,(anonymous_17)
FNDA:0,(anonymous_18)
FNDA:0,(anonymous_19)
FNDA:0,(anonymous_20)
FNDA:0,(anonymous_21)
FNDA:0,(anonymous_22)
FNDA:0,(anonymous_23)
FNDA:0,(anonymous_24)
FNDA:0,(anonymous_25)
FNDA:0,(anonymous_26)
FNDA:0,(anonymous_27)
FNDA:0,(anonymous_28)
FNDA:0,(anonymous_29)
FNDA:0,(anonymous_30)
FNDA:0,(anonymous_31)
FNDA:0,(anonymous_32)
FNDA:0,useOrganization
DA:3,0
DA:153,0
DA:156,0
DA:404,0
DA:405,0
DA:406,0
DA:407,0
DA:408,0
DA:409,0
DA:412,0
DA:413,0
DA:414,0
DA:415,0
DA:416,0
DA:417,0
DA:418,0
DA:419,0
DA:422,0
DA:425,0
DA:429,0
DA:430,0
DA:431,0
DA:432,0
DA:435,0
DA:436,0
DA:438,0
DA:439,0
DA:440,0
DA:442,0
DA:445,0
DA:446,0
DA:447,0
DA:450,0
DA:451,0
DA:457,0
DA:458,0
DA:464,0
DA:467,0
DA:469,0
DA:470,0
DA:471,0
DA:472,0
DA:475,0
DA:485,0
DA:487,0
DA:488,0
DA:489,0
DA:490,0
DA:494,0
DA:499,0
DA:501,0
DA:502,0
DA:503,0
DA:504,0
DA:507,0
DA:517,0
DA:519,0
DA:520,0
DA:521,0
DA:522,0
DA:526,0
DA:532,0
DA:533,0
DA:539,0
DA:542,0
DA:543,0
DA:545,0
DA:546,0
DA:549,0
DA:553,0
DA:555,0
DA:556,0
DA:560,0
DA:562,0
DA:569,0
DA:570,0
DA:572,0
DA:574,0
DA:575,0
DA:579,0
DA:581,0
DA:605,0
DA:607,0
DA:608,0
DA:610,0
DA:611,0
DA:613,0
DA:614,0
DA:615,0
DA:617,0
DA:619,0
DA:631,0
DA:634,0
DA:635,0
DA:638,0
DA:639,0
DA:640,0
DA:641,0
DA:644,0
DA:645,0
DA:646,0
DA:650,0
DA:651,0
DA:652,0
DA:653,0
DA:657,0
DA:660,0
DA:661,0
DA:663,0
DA:665,0
DA:666,0
DA:670,0
DA:699,0
DA:700,0
DA:701,0
DA:702,0
DA:704,0
LF:117
LH:0
BRDA:415,0,0,0
BRDA:415,0,1,0
BRDA:418,1,0,0
BRDA:418,1,1,0
BRDA:432,2,0,0
BRDA:432,2,1,0
BRDA:436,3,0,0
BRDA:436,3,1,0
BRDA:442,4,0,0
BRDA:442,4,1,0
BRDA:446,5,0,0
BRDA:446,5,1,0
BRDA:450,6,0,0
BRDA:450,6,1,0
BRDA:453,7,0,0
BRDA:453,7,1,0
BRDA:457,8,0,0
BRDA:457,8,1,0
BRDA:471,9,0,0
BRDA:471,9,1,0
BRDA:475,10,0,0
BRDA:475,10,1,0
BRDA:487,11,0,0
BRDA:487,11,1,0
BRDA:489,12,0,0
BRDA:489,12,1,0
BRDA:503,13,0,0
BRDA:503,13,1,0
BRDA:507,14,0,0
BRDA:507,14,1,0
BRDA:519,15,0,0
BRDA:519,15,1,0
BRDA:521,16,0,0
BRDA:521,16,1,0
BRDA:546,17,0,0
BRDA:546,17,1,0
BRDA:608,18,0,0
BRDA:608,18,1,0
BRDA:639,19,0,0
BRDA:639,19,1,0
BRDA:645,20,0,0
BRDA:645,20,1,0
BRDA:650,21,0,0
BRDA:650,21,1,0
BRDA:652,22,0,0
BRDA:652,22,1,0
BRDA:701,23,0,0
BRDA:701,23,1,0
BRF:48
BRH:0
end_of_record
TN:
SF:hooks/use-realtime.tsx
FN:50,useRealtime
FN:72,(anonymous_6)
FN:90,(anonymous_7)
FN:97,(anonymous_8)
FN:102,(anonymous_9)
FN:110,(anonymous_10)
FN:113,(anonymous_11)
FN:118,(anonymous_12)
FN:121,(anonymous_13)
FN:129,(anonymous_14)
FN:157,(anonymous_15)
FN:161,(anonymous_16)
FN:168,(anonymous_17)
FN:176,(anonymous_18)
FN:179,(anonymous_19)
FN:185,(anonymous_20)
FN:199,(anonymous_21)
FN:203,(anonymous_22)
FN:208,(anonymous_23)
FN:214,(anonymous_24)
FN:220,(anonymous_25)
FN:231,(anonymous_26)
FN:232,(anonymous_27)
FN:239,(anonymous_28)
FN:242,(anonymous_29)
FN:251,(anonymous_30)
FN:255,(anonymous_31)
FN:259,(anonymous_32)
FN:276,useCollaborativeEditing
FN:290,(anonymous_34)
FN:291,(anonymous_35)
FN:303,(anonymous_36)
FN:305,(anonymous_37)
FN:309,(anonymous_38)
FN:310,(anonymous_39)
FN:324,useRealtimeNotifications
FN:339,(anonymous_41)
FN:347,(anonymous_42)
FN:351,(anonymous_43)
FN:352,(anonymous_44)
FN:353,(anonymous_45)
FN:357,(anonymous_46)
FN:367,(anonymous_47)
FNF:43
FNH:0
FNDA:0,useRealtime
FNDA:0,(anonymous_6)
FNDA:0,(anonymous_7)
FNDA:0,(anonymous_8)
FNDA:0,(anonymous_9)
FNDA:0,(anonymous_10)
FNDA:0,(anonymous_11)
FNDA:0,(anonymous_12)
FNDA:0,(anonymous_13)
FNDA:0,(anonymous_14)
FNDA:0,(anonymous_15)
FNDA:0,(anonymous_16)
FNDA:0,(anonymous_17)
FNDA:0,(anonymous_18)
FNDA:0,(anonymous_19)
FNDA:0,(anonymous_20)
FNDA:0,(anonymous_21)
FNDA:0,(anonymous_22)
FNDA:0,(anonymous_23)
FNDA:0,(anonymous_24)
FNDA:0,(anonymous_25)
FNDA:0,(anonymous_26)
FNDA:0,(anonymous_27)
FNDA:0,(anonymous_28)
FNDA:0,(anonymous_29)
FNDA:0,(anonymous_30)
FNDA:0,(anonymous_31)
FNDA:0,(anonymous_32)
FNDA:0,useCollaborativeEditing
FNDA:0,(anonymous_34)
FNDA:0,(anonymous_35)
FNDA:0,(anonymous_36)
FNDA:0,(anonymous_37)
FNDA:0,(anonymous_38)
FNDA:0,(anonymous_39)
FNDA:0,useRealtimeNotifications
FNDA:0,(anonymous_41)
FNDA:0,(anonymous_42)
FNDA:0,(anonymous_43)
FNDA:0,(anonymous_44)
FNDA:0,(anonymous_45)
FNDA:0,(anonymous_46)
FNDA:0,(anonymous_47)
DA:3,0
DA:4,0
DA:50,0
DA:51,0
DA:52,0
DA:59,0
DA:60,0
DA:61,0
DA:69,0
DA:72,0
DA:73,0
DA:75,0
DA:87,0
DA:90,0
DA:97,0
DA:98,0
DA:102,0
DA:103,0
DA:104,0
DA:106,0
DA:110,0
DA:111,0
DA:113,0
DA:115,0
DA:117,0
DA:119,0
DA:122,0
DA:127,0
DA:129,0
DA:136,0
DA:137,0
DA:157,0
DA:161,0
DA:168,0
DA:169,0
DA:170,0
DA:175,0
DA:176,0
DA:178,0
DA:179,0
DA:185,0
DA:186,0
DA:187,0
DA:188,0
DA:191,0
DA:192,0
DA:195,0
DA:196,0
DA:199,0
DA:203,0
DA:208,0
DA:209,0
DA:210,0
DA:214,0
DA:215,0
DA:216,0
DA:220,0
DA:221,0
DA:222,0
DA:231,0
DA:232,0
DA:233,0
DA:234,0
DA:239,0
DA:240,0
DA:242,0
DA:243,0
DA:244,0
DA:245,0
DA:246,0
DA:250,0
DA:251,0
DA:255,0
DA:256,0
DA:257,0
DA:259,0
DA:262,0
DA:276,0
DA:277,0
DA:283,0
DA:290,0
DA:291,0
DA:297,0
DA:303,0
DA:304,0
DA:305,0
DA:306,0
DA:309,0
DA:310,0
DA:311,0
DA:314,0
DA:324,0
DA:325,0
DA:330,0
DA:339,0
DA:340,0
DA:347,0
DA:348,0
DA:351,0
DA:352,0
DA:353,0
DA:357,0
DA:358,0
DA:361,0
DA:367,0
DA:371,0
LF:106
LH:0
BRDA:50,0,0,0
BRDA:66,1,0,0
BRDA:67,2,0,0
BRDA:68,3,0,0
BRDA:73,4,0,0
BRDA:73,4,1,0
BRDA:73,5,0,0
BRDA:73,5,1,0
BRDA:73,5,2,0
BRDA:111,6,0,0
BRDA:111,6,1,0
BRDA:111,7,0,0
BRDA:111,7,1,0
BRDA:136,8,0,0
BRDA:136,8,1,0
BRDA:150,9,0,0
BRDA:150,9,1,0
BRDA:169,10,0,0
BRDA:169,10,1,0
BRDA:178,11,0,0
BRDA:178,11,1,0
BRDA:186,12,0,0
BRDA:186,12,1,0
BRDA:191,13,0,0
BRDA:191,13,1,0
BRDA:195,14,0,0
BRDA:195,14,1,0
BRDA:209,15,0,0
BRDA:209,15,1,0
BRDA:215,16,0,0
BRDA:215,16,1,0
BRDA:221,17,0,0
BRDA:221,17,1,0
BRDA:240,18,0,0
BRDA:240,18,1,0
BRDA:243,19,0,0
BRDA:243,19,1,0
BRDA:245,20,0,0
BRDA:245,20,1,0
BRDA:256,21,0,0
BRDA:256,21,1,0
BRDA:256,22,0,0
BRDA:256,22,1,0
BRDA:256,22,2,0
BRDA:271,23,0,0
BRDA:271,23,1,0
BRDA:353,24,0,0
BRDA:353,24,1,0
BRF:48
BRH:0
end_of_record
TN:
SF:hooks/use-tenant-data.tsx
FN:24,useTenantData
FN:36,(anonymous_9)
FN:59,(anonymous_10)
FN:64,(anonymous_11)
FN:68,(anonymous_12)
FN:71,(anonymous_13)
FN:83,(anonymous_14)
FN:87,(anonymous_15)
FN:88,(anonymous_16)
FN:100,(anonymous_17)
FN:100,(anonymous_18)
FN:104,(anonymous_19)
FN:105,(anonymous_20)
FN:111,(anonymous_21)
FN:111,(anonymous_22)
FN:114,(anonymous_23)
FN:115,(anonymous_24)
FN:118,(anonymous_25)
FN:136,useJournalEntries
FN:140,useInvoices
FN:144,useBankTransactions
FN:148,useInventoryItems
FN:153,useFirmClients
FN:158,(anonymous_31)
FN:170,useClientData
FN:175,(anonymous_33)
FN:188,generateId
FN:193,getMockData
FN:195,(anonymous_36)
FN:260,getMockFirmClients
FN:288,getMockClientData
FNF:31
FNH:0
FNDA:0,useTenantData
FNDA:0,(anonymous_9)
FNDA:0,(anonymous_10)
FNDA:0,(anonymous_11)
FNDA:0,(anonymous_12)
FNDA:0,(anonymous_13)
FNDA:0,(anonymous_14)
FNDA:0,(anonymous_15)
FNDA:0,(anonymous_16)
FNDA:0,(anonymous_17)
FNDA:0,(anonymous_18)
FNDA:0,(anonymous_19)
FNDA:0,(anonymous_20)
FNDA:0,(anonymous_21)
FNDA:0,(anonymous_22)
FNDA:0,(anonymous_23)
FNDA:0,(anonymous_24)
FNDA:0,(anonymous_25)
FNDA:0,useJournalEntries
FNDA:0,useInvoices
FNDA:0,useBankTransactions
FNDA:0,useInventoryItems
FNDA:0,useFirmClients
FNDA:0,(anonymous_31)
FNDA:0,useClientData
FNDA:0,(anonymous_33)
FNDA:0,generateId
FNDA:0,getMockData
FNDA:0,(anonymous_36)
FNDA:0,getMockFirmClients
FNDA:0,getMockClientData
DA:3,0
DA:4,0
DA:24,0
DA:28,0
DA:29,0
DA:30,0
DA:31,0
DA:33,0
DA:36,0
DA:37,0
DA:38,0
DA:39,0
DA:40,0
DA:43,0
DA:44,0
DA:46,0
DA:49,0
DA:50,0
DA:52,0
DA:54,0
DA:59,0
DA:60,0
DA:64,0
DA:65,0
DA:67,0
DA:68,0
DA:71,0
DA:72,0
DA:74,0
DA:83,0
DA:84,0
DA:87,0
DA:88,0
DA:89,0
DA:90,0
DA:91,0
DA:94,0
DA:100,0
DA:101,0
DA:104,0
DA:105,0
DA:106,0
DA:107,0
DA:108,0
DA:111,0
DA:114,0
DA:115,0
DA:118,0
DA:119,0
DA:122,0
DA:136,0
DA:137,0
DA:140,0
DA:141,0
DA:144,0
DA:145,0
DA:148,0
DA:149,0
DA:153,0
DA:154,0
DA:155,0
DA:156,0
DA:158,0
DA:159,0
DA:161,0
DA:162,0
DA:164,0
DA:167,0
DA:170,0
DA:171,0
DA:172,0
DA:173,0
DA:175,0
DA:176,0
DA:178,0
DA:179,0
DA:181,0
DA:184,0
DA:189,0
DA:195,0
DA:198,0
DA:257,0
DA:261,0
DA:289,0
LF:84
LH:0
BRDA:26,0,0,0
BRDA:33,1,0,0
BRDA:33,2,0,0
BRDA:37,3,0,0
BRDA:37,3,1,0
BRDA:37,4,0,0
BRDA:37,4,1,0
BRDA:52,5,0,0
BRDA:52,5,1,0
BRDA:65,6,0,0
BRDA:65,6,1,0
BRDA:72,7,0,0
BRDA:72,7,1,0
BRDA:89,8,0,0
BRDA:89,8,1,0
BRDA:90,9,0,0
BRDA:90,9,1,0
BRDA:90,10,0,0
BRDA:90,10,1,0
BRDA:100,11,0,0
BRDA:100,11,1,0
BRDA:106,12,0,0
BRDA:106,12,1,0
BRDA:107,13,0,0
BRDA:107,13,1,0
BRDA:107,14,0,0
BRDA:107,14,1,0
BRDA:159,15,0,0
BRDA:159,15,1,0
BRDA:176,16,0,0
BRDA:176,16,1,0
BRDA:176,17,0,0
BRDA:176,17,1,0
BRDA:257,18,0,0
BRDA:257,18,1,0
BRF:35
BRH:0
end_of_record
TN:
SF:hooks/use-toast.ts
FN:30,genId
FN:61,(anonymous_8)
FN:66,(anonymous_9)
FN:77,(anonymous_10)
FN:88,(anonymous_11)
FN:101,(anonymous_12)
FN:108,(anonymous_13)
FN:127,(anonymous_14)
FN:136,dispatch
FN:138,(anonymous_16)
FN:145,toast
FN:148,(anonymous_18)
FN:153,(anonymous_19)
FN:161,(anonymous_20)
FN:174,useToast
FN:177,(anonymous_22)
FN:179,(anonymous_23)
FN:190,(anonymous_24)
FNF:18
FNH:0
FNDA:0,genId
FNDA:0,(anonymous_8)
FNDA:0,(anonymous_9)
FNDA:0,(anonymous_10)
FNDA:0,(anonymous_11)
FNDA:0,(anonymous_12)
FNDA:0,(anonymous_13)
FNDA:0,(anonymous_14)
FNDA:0,dispatch
FNDA:0,(anonymous_16)
FNDA:0,toast
FNDA:0,(anonymous_18)
FNDA:0,(anonymous_19)
FNDA:0,(anonymous_20)
FNDA:0,useToast
FNDA:0,(anonymous_22)
FNDA:0,(anonymous_23)
FNDA:0,(anonymous_24)
DA:4,0
DA:11,0
DA:12,0
DA:21,0
DA:28,0
DA:31,0
DA:32,0
DA:59,0
DA:61,0
DA:62,0
DA:63,0
DA:66,0
DA:67,0
DA:68,0
DA:74,0
DA:77,0
DA:78,0
DA:80,0
DA:86,0
DA:89,0
DA:94,0
DA:98,0
DA:99,0
DA:101,0
DA:102,0
DA:106,0
DA:109,0
DA:119,0
DA:120,0
DA:125,0
DA:127,0
DA:132,0
DA:134,0
DA:137,0
DA:138,0
DA:139,0
DA:146,0
DA:148,0
DA:149,0
DA:153,0
DA:155,0
DA:162,0
DA:167,0
DA:175,0
DA:177,0
DA:178,0
DA:179,0
DA:180,0
DA:181,0
DA:182,0
DA:187,0
DA:190,0
DA:194,0
LF:53
LH:0
BRDA:62,0,0,0
BRDA:62,0,1,0
BRDA:78,1,0,0
BRDA:78,1,1,0
BRDA:78,1,2,0
BRDA:78,1,3,0
BRDA:89,2,0,0
BRDA:89,2,1,0
BRDA:98,3,0,0
BRDA:98,3,1,0
BRDA:109,4,0,0
BRDA:109,4,1,0
BRDA:109,5,0,0
BRDA:109,5,1,0
BRDA:119,6,0,0
BRDA:119,6,1,0
BRDA:162,7,0,0
BRDA:162,7,1,0
BRDA:181,8,0,0
BRDA:181,8,1,0
BRF:20
BRH:0
end_of_record
TN:
SF:lib/auth.ts
FN:47,authenticateUser
FN:48,(anonymous_7)
FN:56,createSession
FN:66,getStoredSession
FN:87,storeSession
FN:92,clearSession
FNF:6
FNH:0
FNDA:0,authenticateUser
FNDA:0,(anonymous_7)
FNDA:0,createSession
FNDA:0,getStoredSession
FNDA:0,storeSession
FNDA:0,clearSession
DA:16,0
DA:41,0
DA:47,0
DA:48,0
DA:49,0
DA:51,0
DA:53,0
DA:56,0
DA:57,0
DA:60,0
DA:66,0
DA:67,0
DA:69,0
DA:70,0
DA:71,0
DA:73,0
DA:76,0
DA:77,0
DA:78,0
DA:81,0
DA:83,0
DA:87,0
DA:88,0
DA:89,0
DA:92,0
DA:93,0
DA:94,0
LF:27
LH:0
BRDA:49,0,0,0
BRDA:49,0,1,0
BRDA:51,1,0,0
BRDA:51,1,1,0
BRDA:67,2,0,0
BRDA:67,2,1,0
BRDA:71,3,0,0
BRDA:71,3,1,0
BRDA:76,4,0,0
BRDA:76,4,1,0
BRDA:88,5,0,0
BRDA:88,5,1,0
BRDA:93,6,0,0
BRDA:93,6,1,0
BRF:14
BRH:0
end_of_record
TN:
SF:lib/utils.ts
FN:4,cn
FNF:1
FNH:1
FNDA:30,cn
DA:1,2
DA:2,2
DA:4,30
DA:5,30
LF:4
LH:4
BRF:0
BRH:0
end_of_record
